[1.125s] Invoking command in '/home/vboxuser/rover_ws_ri/src/locomotion_core': PYTHONPATH=/home/vboxuser/rover_ws_ri/build/locomotion_core/prefix_override:/home/vboxuser/rover_ws_ri/install/locomotion_core/lib/python3.10/site-packages:${PYTHONPATH} /usr/bin/python3 setup.py egg_info --egg-base ../../build/locomotion_core build --build-base /home/vboxuser/rover_ws_ri/build/locomotion_core/build install --record /home/vboxuser/rover_ws_ri/build/locomotion_core/install.log --single-version-externally-managed
[1.445s] running egg_info
[1.445s] creating ../../build/locomotion_core/locomotion_core.egg-info
[1.446s] writing ../../build/locomotion_core/locomotion_core.egg-info/PKG-INFO
[1.446s] writing dependency_links to ../../build/locomotion_core/locomotion_core.egg-info/dependency_links.txt
[1.446s] writing entry points to ../../build/locomotion_core/locomotion_core.egg-info/entry_points.txt
[1.446s] writing requirements to ../../build/locomotion_core/locomotion_core.egg-info/requires.txt
[1.446s] writing top-level names to ../../build/locomotion_core/locomotion_core.egg-info/top_level.txt
[1.447s] writing manifest file '../../build/locomotion_core/locomotion_core.egg-info/SOURCES.txt'
[1.449s] reading manifest file '../../build/locomotion_core/locomotion_core.egg-info/SOURCES.txt'
[1.450s] writing manifest file '../../build/locomotion_core/locomotion_core.egg-info/SOURCES.txt'
[1.450s] running build
[1.450s] running build_py
[1.450s] creating /home/vboxuser/rover_ws_ri/build/locomotion_core/build
[1.450s] creating /home/vboxuser/rover_ws_ri/build/locomotion_core/build/lib
[1.450s] creating /home/vboxuser/rover_ws_ri/build/locomotion_core/build/lib/locomotion_core
[1.450s] copying locomotion_core/cmd_motors.py -> /home/vboxuser/rover_ws_ri/build/locomotion_core/build/lib/locomotion_core
[1.450s] copying locomotion_core/driver_node.py -> /home/vboxuser/rover_ws_ri/build/locomotion_core/build/lib/locomotion_core
[1.451s] copying locomotion_core/driver_core.py -> /home/vboxuser/rover_ws_ri/build/locomotion_core/build/lib/locomotion_core
[1.451s] copying locomotion_core/__init__.py -> /home/vboxuser/rover_ws_ri/build/locomotion_core/build/lib/locomotion_core
[1.451s] running install
[1.451s] running install_lib
[1.452s] creating /home/vboxuser/rover_ws_ri/install/locomotion_core/lib/python3.10/site-packages/locomotion_core
[1.452s] copying /home/vboxuser/rover_ws_ri/build/locomotion_core/build/lib/locomotion_core/cmd_motors.py -> /home/vboxuser/rover_ws_ri/install/locomotion_core/lib/python3.10/site-packages/locomotion_core
[1.452s] copying /home/vboxuser/rover_ws_ri/build/locomotion_core/build/lib/locomotion_core/driver_node.py -> /home/vboxuser/rover_ws_ri/install/locomotion_core/lib/python3.10/site-packages/locomotion_core
[1.452s] copying /home/vboxuser/rover_ws_ri/build/locomotion_core/build/lib/locomotion_core/driver_core.py -> /home/vboxuser/rover_ws_ri/install/locomotion_core/lib/python3.10/site-packages/locomotion_core
[1.452s] copying /home/vboxuser/rover_ws_ri/build/locomotion_core/build/lib/locomotion_core/__init__.py -> /home/vboxuser/rover_ws_ri/install/locomotion_core/lib/python3.10/site-packages/locomotion_core
[1.452s] byte-compiling /home/vboxuser/rover_ws_ri/install/locomotion_core/lib/python3.10/site-packages/locomotion_core/cmd_motors.py to cmd_motors.cpython-310.pyc
[1.453s] byte-compiling /home/vboxuser/rover_ws_ri/install/locomotion_core/lib/python3.10/site-packages/locomotion_core/driver_node.py to driver_node.cpython-310.pyc
[1.453s] byte-compiling /home/vboxuser/rover_ws_ri/install/locomotion_core/lib/python3.10/site-packages/locomotion_core/driver_core.py to driver_core.cpython-310.pyc
[1.454s] byte-compiling /home/vboxuser/rover_ws_ri/install/locomotion_core/lib/python3.10/site-packages/locomotion_core/__init__.py to __init__.cpython-310.pyc
[1.454s] running install_data
[1.454s] creating /home/vboxuser/rover_ws_ri/install/locomotion_core/share/ament_index
[1.454s] creating /home/vboxuser/rover_ws_ri/install/locomotion_core/share/ament_index/resource_index
[1.455s] creating /home/vboxuser/rover_ws_ri/install/locomotion_core/share/ament_index/resource_index/packages
[1.455s] copying resource/locomotion_core -> /home/vboxuser/rover_ws_ri/install/locomotion_core/share/ament_index/resource_index/packages
[1.455s] copying package.xml -> /home/vboxuser/rover_ws_ri/install/locomotion_core/share/locomotion_core
[1.455s] running install_egg_info
[1.457s] Copying ../../build/locomotion_core/locomotion_core.egg-info to /home/vboxuser/rover_ws_ri/install/locomotion_core/lib/python3.10/site-packages/locomotion_core-0.0.0-py3.10.egg-info
[1.457s] running install_scripts
[1.486s] Installing driver script to /home/vboxuser/rover_ws_ri/install/locomotion_core/lib/locomotion_core
[1.486s] Installing du_commander script to /home/vboxuser/rover_ws_ri/install/locomotion_core/lib/locomotion_core
[1.486s] writing list of installed files to '/home/vboxuser/rover_ws_ri/build/locomotion_core/install.log'
[1.527s] Invoked command in '/home/vboxuser/rover_ws_ri/src/locomotion_core' returned '0': PYTHONPATH=/home/vboxuser/rover_ws_ri/build/locomotion_core/prefix_override:/home/vboxuser/rover_ws_ri/install/locomotion_core/lib/python3.10/site-packages:${PYTHONPATH} /usr/bin/python3 setup.py egg_info --egg-base ../../build/locomotion_core build --build-base /home/vboxuser/rover_ws_ri/build/locomotion_core/build install --record /home/vboxuser/rover_ws_ri/build/locomotion_core/install.log --single-version-externally-managed
