[1.115s] Invoking command in '/home/vboxuser/rover_ws_ri/src/locomotion_core': PYTHONPATH=/home/vboxuser/rover_ws_ri/build/locomotion_core/prefix_override:/home/vboxuser/rover_ws_ri/install/locomotion_core/lib/python3.10/site-packages:${PYTHONPATH} /usr/bin/python3 setup.py egg_info --egg-base ../../build/locomotion_core build --build-base /home/vboxuser/rover_ws_ri/build/locomotion_core/build install --record /home/vboxuser/rover_ws_ri/build/locomotion_core/install.log --single-version-externally-managed
[1.448s] running egg_info
[1.449s] writing ../../build/locomotion_core/locomotion_core.egg-info/PKG-INFO
[1.449s] writing dependency_links to ../../build/locomotion_core/locomotion_core.egg-info/dependency_links.txt
[1.450s] writing entry points to ../../build/locomotion_core/locomotion_core.egg-info/entry_points.txt
[1.450s] writing requirements to ../../build/locomotion_core/locomotion_core.egg-info/requires.txt
[1.450s] writing top-level names to ../../build/locomotion_core/locomotion_core.egg-info/top_level.txt
[1.454s] reading manifest file '../../build/locomotion_core/locomotion_core.egg-info/SOURCES.txt'
[1.454s] writing manifest file '../../build/locomotion_core/locomotion_core.egg-info/SOURCES.txt'
[1.454s] running build
[1.454s] running build_py
[1.454s] copying locomotion_core/rover_state_controller.py -> /home/vboxuser/rover_ws_ri/build/locomotion_core/build/lib/locomotion_core
[1.454s] running install
[1.454s] running install_lib
[1.458s] copying /home/vboxuser/rover_ws_ri/build/locomotion_core/build/lib/locomotion_core/rover_state_controller.py -> /home/vboxuser/rover_ws_ri/install/locomotion_core/lib/python3.10/site-packages/locomotion_core
[1.458s] byte-compiling /home/vboxuser/rover_ws_ri/install/locomotion_core/lib/python3.10/site-packages/locomotion_core/rover_state_controller.py to rover_state_controller.cpython-310.pyc
[1.463s] running install_data
[1.463s] running install_egg_info
[1.463s] removing '/home/vboxuser/rover_ws_ri/install/locomotion_core/lib/python3.10/site-packages/locomotion_core-0.0.0-py3.10.egg-info' (and everything under it)
[1.464s] Copying ../../build/locomotion_core/locomotion_core.egg-info to /home/vboxuser/rover_ws_ri/install/locomotion_core/lib/python3.10/site-packages/locomotion_core-0.0.0-py3.10.egg-info
[1.464s] running install_scripts
[1.486s] Installing cmd_roboteq script to /home/vboxuser/rover_ws_ri/install/locomotion_core/lib/locomotion_core
[1.486s] Installing cmd_roboteq2 script to /home/vboxuser/rover_ws_ri/install/locomotion_core/lib/locomotion_core
[1.486s] Installing drive_selector script to /home/vboxuser/rover_ws_ri/install/locomotion_core/lib/locomotion_core
[1.486s] Installing du_enable script to /home/vboxuser/rover_ws_ri/install/locomotion_core/lib/locomotion_core
[1.486s] Installing movebase_kinematics script to /home/vboxuser/rover_ws_ri/install/locomotion_core/lib/locomotion_core
[1.487s] Installing rover_state_controller script to /home/vboxuser/rover_ws_ri/install/locomotion_core/lib/locomotion_core
[1.487s] writing list of installed files to '/home/vboxuser/rover_ws_ri/build/locomotion_core/install.log'
[1.532s] Invoked command in '/home/vboxuser/rover_ws_ri/src/locomotion_core' returned '0': PYTHONPATH=/home/vboxuser/rover_ws_ri/build/locomotion_core/prefix_override:/home/vboxuser/rover_ws_ri/install/locomotion_core/lib/python3.10/site-packages:${PYTHONPATH} /usr/bin/python3 setup.py egg_info --egg-base ../../build/locomotion_core build --build-base /home/vboxuser/rover_ws_ri/build/locomotion_core/build install --record /home/vboxuser/rover_ws_ri/build/locomotion_core/install.log --single-version-externally-managed
