[3.688s] Invoking command in '/home/vboxuser/rover_ws_ri/src/locomotion_core': PYTHONPATH=/home/vboxuser/rover_ws_ri/build/locomotion_core/prefix_override:/home/vboxuser/rover_ws_ri/install/locomotion_core/lib/python3.10/site-packages:${PYTHONPATH} /usr/bin/python3 setup.py egg_info --egg-base ../../build/locomotion_core build --build-base /home/vboxuser/rover_ws_ri/build/locomotion_core/build install --record /home/vboxuser/rover_ws_ri/build/locomotion_core/install.log --single-version-externally-managed
[4.515s] running egg_info
[4.531s] writing ../../build/locomotion_core/locomotion_core.egg-info/PKG-INFO
[4.531s] writing dependency_links to ../../build/locomotion_core/locomotion_core.egg-info/dependency_links.txt
[4.532s] writing entry points to ../../build/locomotion_core/locomotion_core.egg-info/entry_points.txt
[4.532s] writing requirements to ../../build/locomotion_core/locomotion_core.egg-info/requires.txt
[4.532s] writing top-level names to ../../build/locomotion_core/locomotion_core.egg-info/top_level.txt
[4.533s] reading manifest file '../../build/locomotion_core/locomotion_core.egg-info/SOURCES.txt'
[4.533s] writing manifest file '../../build/locomotion_core/locomotion_core.egg-info/SOURCES.txt'
[4.533s] running build
[4.533s] running build_py
[4.536s] running install
[4.536s] running install_lib
[4.544s] running install_data
[4.552s] running install_egg_info
[4.558s] removing '/home/vboxuser/rover_ws_ri/install/locomotion_core/lib/python3.10/site-packages/locomotion_core-0.0.0-py3.10.egg-info' (and everything under it)
[4.559s] Copying ../../build/locomotion_core/locomotion_core.egg-info to /home/vboxuser/rover_ws_ri/install/locomotion_core/lib/python3.10/site-packages/locomotion_core-0.0.0-py3.10.egg-info
[4.564s] running install_scripts
[4.638s] Installing cmd_roboteq script to /home/vboxuser/rover_ws_ri/install/locomotion_core/lib/locomotion_core
[4.640s] Installing cmd_roboteq2 script to /home/vboxuser/rover_ws_ri/install/locomotion_core/lib/locomotion_core
[4.642s] Installing movebase_kinematics script to /home/vboxuser/rover_ws_ri/install/locomotion_core/lib/locomotion_core
[4.642s] Installing rover_enable script to /home/vboxuser/rover_ws_ri/install/locomotion_core/lib/locomotion_core
[4.643s] Installing rover_state_controller script to /home/vboxuser/rover_ws_ri/install/locomotion_core/lib/locomotion_core
[4.644s] writing list of installed files to '/home/vboxuser/rover_ws_ri/build/locomotion_core/install.log'
[4.781s] Invoked command in '/home/vboxuser/rover_ws_ri/src/locomotion_core' returned '0': PYTHONPATH=/home/vboxuser/rover_ws_ri/build/locomotion_core/prefix_override:/home/vboxuser/rover_ws_ri/install/locomotion_core/lib/python3.10/site-packages:${PYTHONPATH} /usr/bin/python3 setup.py egg_info --egg-base ../../build/locomotion_core build --build-base /home/vboxuser/rover_ws_ri/build/locomotion_core/build install --record /home/vboxuser/rover_ws_ri/build/locomotion_core/install.log --single-version-externally-managed
