[0.008s] Invoking command in '/home/vboxuser/rover_ws_ri/build/robot_start': AMENT_PREFIX_PATH=/home/vboxuser/rover_ws_ri/install/my_robot_ctrl:${AMENT_PREFIX_PATH} CMAKE_PREFIX_PATH=/opt/ros/humble PYTHONPATH=/home/vboxuser/rover_ws_ri/install/my_robot_ctrl/lib/python3.10/site-packages:${PYTHONPATH} /usr/bin/cmake /home/vboxuser/rover_ws_ri/src/robot_start -DCMAKE_INSTALL_PREFIX=/home/vboxuser/rover_ws_ri/install/robot_start
[0.139s] -- The C compiler identification is GNU 11.3.0
[0.233s] -- The CXX compiler identification is GNU 11.3.0
[0.272s] -- Detecting C compiler ABI info
[0.402s] -- Detecting C compiler ABI info - done
[0.415s] -- Check for working C compiler: /usr/bin/cc - skipped
[0.416s] -- Detecting C compile features
[0.416s] -- Detecting C compile features - done
[0.422s] -- Detecting CXX compiler ABI info
[0.514s] -- Detecting CXX compiler ABI info - done
[0.522s] -- Check for working CXX compiler: /usr/bin/c++ - skipped
[0.522s] -- Detecting CXX compile features
[0.522s] -- Detecting CXX compile features - done
[0.524s] -- Found ament_cmake: 1.3.3 (/opt/ros/humble/share/ament_cmake/cmake)
[0.713s] -- Found Python3: /usr/bin/python3.10 (found version "3.10.6") found components: Interpreter 
[0.808s] -- Found ament_lint_auto: 0.12.5 (/opt/ros/humble/share/ament_lint_auto/cmake)
[0.922s] -- Added test 'flake8' to check Python code syntax and style conventions
[0.923s] -- Added test 'lint_cmake' to check CMake code style
[0.924s] -- Added test 'pep257' to check Python code against some of the docstring style conventions in PEP 257
[0.925s] -- Added test 'xmllint' to check XML markup files
[0.928s] -- Configuring done
[0.936s] -- Generating done
[0.938s] -- Build files have been written to: /home/vboxuser/rover_ws_ri/build/robot_start
[0.942s] Invoked command in '/home/vboxuser/rover_ws_ri/build/robot_start' returned '0': AMENT_PREFIX_PATH=/home/vboxuser/rover_ws_ri/install/my_robot_ctrl:${AMENT_PREFIX_PATH} CMAKE_PREFIX_PATH=/opt/ros/humble PYTHONPATH=/home/vboxuser/rover_ws_ri/install/my_robot_ctrl/lib/python3.10/site-packages:${PYTHONPATH} /usr/bin/cmake /home/vboxuser/rover_ws_ri/src/robot_start -DCMAKE_INSTALL_PREFIX=/home/vboxuser/rover_ws_ri/install/robot_start
[0.944s] Invoking command in '/home/vboxuser/rover_ws_ri/build/robot_start': AMENT_PREFIX_PATH=/home/vboxuser/rover_ws_ri/install/my_robot_ctrl:${AMENT_PREFIX_PATH} CMAKE_PREFIX_PATH=/opt/ros/humble PYTHONPATH=/home/vboxuser/rover_ws_ri/install/my_robot_ctrl/lib/python3.10/site-packages:${PYTHONPATH} /usr/bin/cmake --build /home/vboxuser/rover_ws_ri/build/robot_start -- -j6 -l6
[0.982s] Invoked command in '/home/vboxuser/rover_ws_ri/build/robot_start' returned '0': AMENT_PREFIX_PATH=/home/vboxuser/rover_ws_ri/install/my_robot_ctrl:${AMENT_PREFIX_PATH} CMAKE_PREFIX_PATH=/opt/ros/humble PYTHONPATH=/home/vboxuser/rover_ws_ri/install/my_robot_ctrl/lib/python3.10/site-packages:${PYTHONPATH} /usr/bin/cmake --build /home/vboxuser/rover_ws_ri/build/robot_start -- -j6 -l6
[1.020s] Invoking command in '/home/vboxuser/rover_ws_ri/build/robot_start': AMENT_PREFIX_PATH=/home/vboxuser/rover_ws_ri/install/my_robot_ctrl:${AMENT_PREFIX_PATH} CMAKE_PREFIX_PATH=/opt/ros/humble PYTHONPATH=/home/vboxuser/rover_ws_ri/install/my_robot_ctrl/lib/python3.10/site-packages:${PYTHONPATH} /usr/bin/cmake --install /home/vboxuser/rover_ws_ri/build/robot_start
[1.029s] -- Install configuration: ""
[1.029s] -- Installing: /home/vboxuser/rover_ws_ri/install/robot_start/share/robot_start/launch
[1.029s] -- Installing: /home/vboxuser/rover_ws_ri/install/robot_start/share/robot_start/launch/demo.launch.py
[1.029s] -- Installing: /home/vboxuser/rover_ws_ri/install/robot_start/share/robot_start/launch/rover_start.launch.py
[1.029s] -- Installing: /home/vboxuser/rover_ws_ri/install/robot_start/share/ament_index/resource_index/package_run_dependencies/robot_start
[1.030s] -- Installing: /home/vboxuser/rover_ws_ri/install/robot_start/share/ament_index/resource_index/parent_prefix_path/robot_start
[1.030s] -- Installing: /home/vboxuser/rover_ws_ri/install/robot_start/share/robot_start/environment/ament_prefix_path.sh
[1.030s] -- Installing: /home/vboxuser/rover_ws_ri/install/robot_start/share/robot_start/environment/ament_prefix_path.dsv
[1.030s] -- Installing: /home/vboxuser/rover_ws_ri/install/robot_start/share/robot_start/environment/path.sh
[1.030s] -- Installing: /home/vboxuser/rover_ws_ri/install/robot_start/share/robot_start/environment/path.dsv
[1.030s] -- Installing: /home/vboxuser/rover_ws_ri/install/robot_start/share/robot_start/local_setup.bash
[1.030s] -- Installing: /home/vboxuser/rover_ws_ri/install/robot_start/share/robot_start/local_setup.sh
[1.030s] -- Installing: /home/vboxuser/rover_ws_ri/install/robot_start/share/robot_start/local_setup.zsh
[1.030s] -- Installing: /home/vboxuser/rover_ws_ri/install/robot_start/share/robot_start/local_setup.dsv
[1.031s] -- Installing: /home/vboxuser/rover_ws_ri/install/robot_start/share/robot_start/package.dsv
[1.031s] -- Installing: /home/vboxuser/rover_ws_ri/install/robot_start/share/ament_index/resource_index/packages/robot_start
[1.031s] -- Installing: /home/vboxuser/rover_ws_ri/install/robot_start/share/robot_start/cmake/robot_startConfig.cmake
[1.031s] -- Installing: /home/vboxuser/rover_ws_ri/install/robot_start/share/robot_start/cmake/robot_startConfig-version.cmake
[1.031s] -- Installing: /home/vboxuser/rover_ws_ri/install/robot_start/share/robot_start/package.xml
[1.035s] Invoked command in '/home/vboxuser/rover_ws_ri/build/robot_start' returned '0': AMENT_PREFIX_PATH=/home/vboxuser/rover_ws_ri/install/my_robot_ctrl:${AMENT_PREFIX_PATH} CMAKE_PREFIX_PATH=/opt/ros/humble PYTHONPATH=/home/vboxuser/rover_ws_ri/install/my_robot_ctrl/lib/python3.10/site-packages:${PYTHONPATH} /usr/bin/cmake --install /home/vboxuser/rover_ws_ri/build/robot_start
