[0.448s] Invoking command in '/home/vboxuser/rover_ws_ri/build/robot_start': CMAKE_PREFIX_PATH=/opt/ros/humble /usr/bin/cmake --build /home/vboxuser/rover_ws_ri/build/robot_start -- -j6 -l6
[0.569s] Invoked command in '/home/vboxuser/rover_ws_ri/build/robot_start' returned '0': CMAKE_PREFIX_PATH=/opt/ros/humble /usr/bin/cmake --build /home/vboxuser/rover_ws_ri/build/robot_start -- -j6 -l6
[0.604s] Invoking command in '/home/vboxuser/rover_ws_ri/build/robot_start': CMAKE_PREFIX_PATH=/opt/ros/humble /usr/bin/cmake --install /home/vboxuser/rover_ws_ri/build/robot_start
[0.624s] -- Install configuration: ""
[0.626s] -- Up-to-date: /home/vboxuser/rover_ws_ri/install/robot_start/share/robot_start/launch
[0.626s] -- Up-to-date: /home/vboxuser/rover_ws_ri/install/robot_start/share/robot_start/launch/demo.launch.py
[0.626s] -- Up-to-date: /home/vboxuser/rover_ws_ri/install/robot_start/share/robot_start/launch/rover_start.launch.py
[0.627s] -- Up-to-date: /home/vboxuser/rover_ws_ri/install/robot_start/share/ament_index/resource_index/package_run_dependencies/robot_start
[0.628s] -- Up-to-date: /home/vboxuser/rover_ws_ri/install/robot_start/share/ament_index/resource_index/parent_prefix_path/robot_start
[0.628s] -- Up-to-date: /home/vboxuser/rover_ws_ri/install/robot_start/share/robot_start/environment/ament_prefix_path.sh
[0.628s] -- Up-to-date: /home/vboxuser/rover_ws_ri/install/robot_start/share/robot_start/environment/ament_prefix_path.dsv
[0.628s] -- Up-to-date: /home/vboxuser/rover_ws_ri/install/robot_start/share/robot_start/environment/path.sh
[0.628s] -- Up-to-date: /home/vboxuser/rover_ws_ri/install/robot_start/share/robot_start/environment/path.dsv
[0.628s] -- Up-to-date: /home/vboxuser/rover_ws_ri/install/robot_start/share/robot_start/local_setup.bash
[0.628s] -- Up-to-date: /home/vboxuser/rover_ws_ri/install/robot_start/share/robot_start/local_setup.sh
[0.628s] -- Up-to-date: /home/vboxuser/rover_ws_ri/install/robot_start/share/robot_start/local_setup.zsh
[0.628s] -- Up-to-date: /home/vboxuser/rover_ws_ri/install/robot_start/share/robot_start/local_setup.dsv
[0.629s] -- Installing: /home/vboxuser/rover_ws_ri/install/robot_start/share/robot_start/package.dsv
[0.630s] -- Up-to-date: /home/vboxuser/rover_ws_ri/install/robot_start/share/ament_index/resource_index/packages/robot_start
[0.630s] -- Up-to-date: /home/vboxuser/rover_ws_ri/install/robot_start/share/robot_start/cmake/robot_startConfig.cmake
[0.630s] -- Up-to-date: /home/vboxuser/rover_ws_ri/install/robot_start/share/robot_start/cmake/robot_startConfig-version.cmake
[0.630s] -- Up-to-date: /home/vboxuser/rover_ws_ri/install/robot_start/share/robot_start/package.xml
[0.633s] Invoked command in '/home/vboxuser/rover_ws_ri/build/robot_start' returned '0': CMAKE_PREFIX_PATH=/opt/ros/humble /usr/bin/cmake --install /home/vboxuser/rover_ws_ri/build/robot_start
