[0.386s] Invoking command in '/home/vboxuser/rover_ws_ri/build/robot_startup': CMAKE_PREFIX_PATH=/opt/ros/humble /usr/bin/cmake --build /home/vboxuser/rover_ws_ri/build/robot_startup -- -j6 -l6
[0.441s] Invoked command in '/home/vboxuser/rover_ws_ri/build/robot_startup' returned '0': CMAKE_PREFIX_PATH=/opt/ros/humble /usr/bin/cmake --build /home/vboxuser/rover_ws_ri/build/robot_startup -- -j6 -l6
[0.488s] Invoking command in '/home/vboxuser/rover_ws_ri/build/robot_startup': CMAKE_PREFIX_PATH=/opt/ros/humble /usr/bin/cmake --install /home/vboxuser/rover_ws_ri/build/robot_startup
[0.496s] -- Install configuration: ""
[0.496s] -- Up-to-date: /home/vboxuser/rover_ws_ri/install/robot_startup/share/robot_startup/launch
[0.496s] -- Up-to-date: /home/vboxuser/rover_ws_ri/install/robot_startup/share/robot_startup/launch/rover.launch.py
[0.496s] -- Up-to-date: /home/vboxuser/rover_ws_ri/install/robot_startup/share/ament_index/resource_index/package_run_dependencies/robot_startup
[0.497s] -- Up-to-date: /home/vboxuser/rover_ws_ri/install/robot_startup/share/ament_index/resource_index/parent_prefix_path/robot_startup
[0.497s] -- Up-to-date: /home/vboxuser/rover_ws_ri/install/robot_startup/share/robot_startup/environment/ament_prefix_path.sh
[0.497s] -- Up-to-date: /home/vboxuser/rover_ws_ri/install/robot_startup/share/robot_startup/environment/ament_prefix_path.dsv
[0.497s] -- Up-to-date: /home/vboxuser/rover_ws_ri/install/robot_startup/share/robot_startup/environment/path.sh
[0.497s] -- Up-to-date: /home/vboxuser/rover_ws_ri/install/robot_startup/share/robot_startup/environment/path.dsv
[0.497s] -- Up-to-date: /home/vboxuser/rover_ws_ri/install/robot_startup/share/robot_startup/local_setup.bash
[0.504s] -- Up-to-date: /home/vboxuser/rover_ws_ri/install/robot_startup/share/robot_startup/local_setup.sh
[0.507s] -- Up-to-date: /home/vboxuser/rover_ws_ri/install/robot_startup/share/robot_startup/local_setup.zsh
[0.508s] -- Up-to-date: /home/vboxuser/rover_ws_ri/install/robot_startup/share/robot_startup/local_setup.dsv
[0.508s] -- Up-to-date: /home/vboxuser/rover_ws_ri/install/robot_startup/share/robot_startup/package.dsv
[0.508s] -- Up-to-date: /home/vboxuser/rover_ws_ri/install/robot_startup/share/ament_index/resource_index/packages/robot_startup
[0.508s] -- Up-to-date: /home/vboxuser/rover_ws_ri/install/robot_startup/share/robot_startup/cmake/robot_startupConfig.cmake
[0.508s] -- Up-to-date: /home/vboxuser/rover_ws_ri/install/robot_startup/share/robot_startup/cmake/robot_startupConfig-version.cmake
[0.508s] -- Up-to-date: /home/vboxuser/rover_ws_ri/install/robot_startup/share/robot_startup/package.xml
[0.517s] Invoked command in '/home/vboxuser/rover_ws_ri/build/robot_startup' returned '0': CMAKE_PREFIX_PATH=/opt/ros/humble /usr/bin/cmake --install /home/vboxuser/rover_ws_ri/build/robot_startup
