[0.685s] Invoking command in '/home/vboxuser/rover_ws_ri/build/teleop_twist_joy': CMAKE_PREFIX_PATH=/opt/ros/humble /usr/bin/cmake /home/vboxuser/rover_ws_ri/src/teleop_twist_joy -DCMAKE_INSTALL_PREFIX=/home/vboxuser/rover_ws_ri/install/teleop_twist_joy
[0.898s] -- The C compiler identification is GNU 11.3.0
[1.003s] -- The CXX compiler identification is GNU 11.3.0
[1.030s] -- Detecting C compiler ABI info
[1.136s] -- Detecting C compiler ABI info - done
[1.145s] -- Check for working C compiler: /usr/bin/cc - skipped
[1.147s] -- Detecting C compile features
[1.148s] -- Detecting C compile features - done
[1.154s] -- Detecting CXX compiler ABI info
[1.295s] -- Detecting CXX compiler ABI info - done
[1.305s] -- Check for working CXX compiler: /usr/bin/c++ - skipped
[1.305s] -- Detecting CXX compile features
[1.306s] -- Detecting CXX compile features - done
[1.348s] -- Found ament_cmake: 1.3.3 (/opt/ros/humble/share/ament_cmake/cmake)
[1.621s] -- Found Python3: /usr/bin/python3.10 (found version "3.10.6") found components: Interpreter 
[1.934s] -- Found geometry_msgs: 4.2.3 (/opt/ros/humble/share/geometry_msgs/cmake)
[2.036s] -- Found rosidl_generator_c: 3.1.4 (/opt/ros/humble/share/rosidl_generator_c/cmake)
[2.046s] -- Found rosidl_adapter: 3.1.4 (/opt/ros/humble/share/rosidl_adapter/cmake)
[2.070s] -- Found rosidl_generator_cpp: 3.1.4 (/opt/ros/humble/share/rosidl_generator_cpp/cmake)
[2.098s] -- Using all available rosidl_typesupport_c: rosidl_typesupport_fastrtps_c;rosidl_typesupport_introspection_c
[2.134s] -- Using all available rosidl_typesupport_cpp: rosidl_typesupport_fastrtps_cpp;rosidl_typesupport_introspection_cpp
[2.303s] -- Found rclcpp: 16.0.3 (/opt/ros/humble/share/rclcpp/cmake)
[2.415s] -- Found rmw_implementation_cmake: 6.1.1 (/opt/ros/humble/share/rmw_implementation_cmake/cmake)
[2.422s] -- Found rmw_fastrtps_cpp: 6.2.2 (/opt/ros/humble/share/rmw_fastrtps_cpp/cmake)
[2.574s] -- Found OpenSSL: /usr/lib/x86_64-linux-gnu/libcrypto.so (found version "3.0.2")  
[2.609s] -- Found FastRTPS: /opt/ros/humble/include  
[2.657s] -- Using RMW implementation 'rmw_fastrtps_cpp' as default
[2.676s] -- Looking for pthread.h
[2.885s] -- Looking for pthread.h - found
[2.885s] -- Performing Test CMAKE_HAVE_LIBC_PTHREAD
[3.018s] -- Performing Test CMAKE_HAVE_LIBC_PTHREAD - Success
[3.019s] -- Found Threads: TRUE  
[3.235s] -- Found rclcpp_components: 16.0.3 (/opt/ros/humble/share/rclcpp_components/cmake)
[3.334s] -- Found sensor_msgs: 4.2.3 (/opt/ros/humble/share/sensor_msgs/cmake)
[3.441s] -- Performing Test COMPILER_HAS_HIDDEN_VISIBILITY
[3.513s] -- Performing Test COMPILER_HAS_HIDDEN_VISIBILITY - Success
[3.514s] -- Performing Test COMPILER_HAS_HIDDEN_INLINE_VISIBILITY
[3.591s] -- Performing Test COMPILER_HAS_HIDDEN_INLINE_VISIBILITY - Success
[3.592s] -- Performing Test COMPILER_HAS_DEPRECATED_ATTR
[3.750s] -- Performing Test COMPILER_HAS_DEPRECATED_ATTR - Success
[3.755s] -- Found ament_lint_auto: 0.12.5 (/opt/ros/humble/share/ament_lint_auto/cmake)
[3.931s] -- Found python_cmake_module: 0.10.0 (/opt/ros/humble/share/python_cmake_module/cmake)
[3.971s] -- Found PythonInterp: /usr/bin/python3 (found suitable version "3.10.6", minimum required is "3.6") 
[3.989s] -- Found PythonLibs: /usr/lib/x86_64-linux-gnu/libpython3.10.so (found suitable version "3.10.6", minimum required is "3.5") 
[3.990s] -- Using PYTHON_EXECUTABLE: /usr/bin/python3
[3.990s] -- Using PYTHON_INCLUDE_DIRS: /usr/include/python3.10
[3.990s] -- Using PYTHON_LIBRARIES: /usr/lib/x86_64-linux-gnu/libpython3.10.so
[4.023s] -- Found PythonExtra: .so  
[4.051s] -- Added test 'cppcheck' to perform static code analysis on C / C++ code
[4.051s] -- Configured cppcheck include dirs: /home/vboxuser/rover_ws_ri/src/teleop_twist_joy/include
[4.051s] -- Configured cppcheck exclude dirs and/or files: 
[4.052s] -- Added test 'flake8' to check Python code syntax and style conventions
[4.053s] -- Added test 'lint_cmake' to check CMake code style
[4.054s] -- Added test 'pep257' to check Python code against some of the docstring style conventions in PEP 257
[4.055s] -- Added test 'xmllint' to check XML markup files
[4.059s] -- Configuring done
[4.062s] [33mCMake Warning (dev) at CMakeLists.txt:22 (add_library):
[4.062s]   Policy CMP0115 is not set: Source file extensions must be explicit.  Run
[4.062s]   "cmake --help-policy CMP0115" for policy details.  Use the cmake_policy
[4.062s]   command to set the policy and suppress this warning.
[4.062s] 
[4.062s]   File:
[4.062s] 
[4.063s]     /home/vboxuser/rover_ws_ri/src/teleop_twist_joy/src/teleop_twist_joy.cpp
[4.063s] This warning is for project developers.  Use -Wno-dev to suppress it.
[4.063s] [0m
[4.078s] -- Generating done
[4.086s] -- Build files have been written to: /home/vboxuser/rover_ws_ri/build/teleop_twist_joy
[4.091s] Invoked command in '/home/vboxuser/rover_ws_ri/build/teleop_twist_joy' returned '0': CMAKE_PREFIX_PATH=/opt/ros/humble /usr/bin/cmake /home/vboxuser/rover_ws_ri/src/teleop_twist_joy -DCMAKE_INSTALL_PREFIX=/home/vboxuser/rover_ws_ri/install/teleop_twist_joy
[4.092s] Invoking command in '/home/vboxuser/rover_ws_ri/build/teleop_twist_joy': CMAKE_PREFIX_PATH=/opt/ros/humble /usr/bin/cmake --build /home/vboxuser/rover_ws_ri/build/teleop_twist_joy -- -j6 -l6
[4.144s] [ 25%] [32mBuilding CXX object CMakeFiles/teleop_twist_joy.dir/src/teleop_twist_joy.cpp.o[0m
[17.477s] [ 50%] [32m[1mLinking CXX shared library libteleop_twist_joy.so[0m
[18.435s] [ 50%] Built target teleop_twist_joy
[18.454s] [ 75%] [32mBuilding CXX object CMakeFiles/teleop_twist_joy_node.dir/src/teleop_node.cpp.o[0m
[22.197s] [100%] [32m[1mLinking CXX executable teleop_node[0m
[22.596s] [100%] Built target teleop_twist_joy_node
[22.607s] Invoked command in '/home/vboxuser/rover_ws_ri/build/teleop_twist_joy' returned '0': CMAKE_PREFIX_PATH=/opt/ros/humble /usr/bin/cmake --build /home/vboxuser/rover_ws_ri/build/teleop_twist_joy -- -j6 -l6
[22.634s] Invoking command in '/home/vboxuser/rover_ws_ri/build/teleop_twist_joy': CMAKE_PREFIX_PATH=/opt/ros/humble /usr/bin/cmake --install /home/vboxuser/rover_ws_ri/build/teleop_twist_joy
[22.643s] -- Install configuration: ""
[22.643s] -- Installing: /home/vboxuser/rover_ws_ri/install/teleop_twist_joy/lib/libteleop_twist_joy.so
[22.650s] -- Set runtime path of "/home/vboxuser/rover_ws_ri/install/teleop_twist_joy/lib/libteleop_twist_joy.so" to ""
[22.650s] -- Installing: /home/vboxuser/rover_ws_ri/install/teleop_twist_joy/lib/teleop_twist_joy/teleop_node
[22.650s] -- Set runtime path of "/home/vboxuser/rover_ws_ri/install/teleop_twist_joy/lib/teleop_twist_joy/teleop_node" to ""
[22.650s] -- Installing: /home/vboxuser/rover_ws_ri/install/teleop_twist_joy/include
[22.651s] -- Installing: /home/vboxuser/rover_ws_ri/install/teleop_twist_joy/include/teleop_twist_joy
[22.651s] -- Installing: /home/vboxuser/rover_ws_ri/install/teleop_twist_joy/include/teleop_twist_joy/teleop_twist_joy.hpp
[22.651s] -- Installing: /home/vboxuser/rover_ws_ri/install/teleop_twist_joy/include/teleop_twist_joy/teleop_twist_joy_export.h
[22.651s] -- Installing: /home/vboxuser/rover_ws_ri/install/teleop_twist_joy/share/teleop_twist_joy/launch
[22.651s] -- Installing: /home/vboxuser/rover_ws_ri/install/teleop_twist_joy/share/teleop_twist_joy/launch/teleop-launch.py
[22.651s] -- Installing: /home/vboxuser/rover_ws_ri/install/teleop_twist_joy/share/teleop_twist_joy/config
[22.651s] -- Installing: /home/vboxuser/rover_ws_ri/install/teleop_twist_joy/share/teleop_twist_joy/config/xbox.config.yaml
[22.651s] -- Installing: /home/vboxuser/rover_ws_ri/install/teleop_twist_joy/share/teleop_twist_joy/config/atk3.config.yaml
[22.651s] -- Installing: /home/vboxuser/rover_ws_ri/install/teleop_twist_joy/share/teleop_twist_joy/config/ps3-holonomic.config.yaml
[22.651s] -- Installing: /home/vboxuser/rover_ws_ri/install/teleop_twist_joy/share/teleop_twist_joy/config/xd3.config.yaml
[22.652s] -- Installing: /home/vboxuser/rover_ws_ri/install/teleop_twist_joy/share/teleop_twist_joy/config/ps3.config.yaml
[22.652s] -- Installing: /home/vboxuser/rover_ws_ri/install/teleop_twist_joy/share/teleop_twist_joy/environment/library_path.sh
[22.652s] -- Installing: /home/vboxuser/rover_ws_ri/install/teleop_twist_joy/share/teleop_twist_joy/environment/library_path.dsv
[22.652s] -- Installing: /home/vboxuser/rover_ws_ri/install/teleop_twist_joy/share/ament_index/resource_index/package_run_dependencies/teleop_twist_joy
[22.652s] -- Installing: /home/vboxuser/rover_ws_ri/install/teleop_twist_joy/share/ament_index/resource_index/parent_prefix_path/teleop_twist_joy
[22.652s] -- Installing: /home/vboxuser/rover_ws_ri/install/teleop_twist_joy/share/teleop_twist_joy/environment/ament_prefix_path.sh
[22.652s] -- Installing: /home/vboxuser/rover_ws_ri/install/teleop_twist_joy/share/teleop_twist_joy/environment/ament_prefix_path.dsv
[22.652s] -- Installing: /home/vboxuser/rover_ws_ri/install/teleop_twist_joy/share/teleop_twist_joy/environment/path.sh
[22.652s] -- Installing: /home/vboxuser/rover_ws_ri/install/teleop_twist_joy/share/teleop_twist_joy/environment/path.dsv
[22.653s] -- Installing: /home/vboxuser/rover_ws_ri/install/teleop_twist_joy/share/teleop_twist_joy/local_setup.bash
[22.653s] -- Installing: /home/vboxuser/rover_ws_ri/install/teleop_twist_joy/share/teleop_twist_joy/local_setup.sh
[22.653s] -- Installing: /home/vboxuser/rover_ws_ri/install/teleop_twist_joy/share/teleop_twist_joy/local_setup.zsh
[22.653s] -- Installing: /home/vboxuser/rover_ws_ri/install/teleop_twist_joy/share/teleop_twist_joy/local_setup.dsv
[22.653s] -- Installing: /home/vboxuser/rover_ws_ri/install/teleop_twist_joy/share/teleop_twist_joy/package.dsv
[22.653s] -- Installing: /home/vboxuser/rover_ws_ri/install/teleop_twist_joy/share/ament_index/resource_index/packages/teleop_twist_joy
[22.653s] -- Installing: /home/vboxuser/rover_ws_ri/install/teleop_twist_joy/share/ament_index/resource_index/rclcpp_components/teleop_twist_joy
[22.654s] -- Installing: /home/vboxuser/rover_ws_ri/install/teleop_twist_joy/share/teleop_twist_joy/cmake/ament_cmake_export_include_directories-extras.cmake
[22.654s] -- Installing: /home/vboxuser/rover_ws_ri/install/teleop_twist_joy/share/teleop_twist_joy/cmake/ament_cmake_export_libraries-extras.cmake
[22.654s] -- Installing: /home/vboxuser/rover_ws_ri/install/teleop_twist_joy/share/teleop_twist_joy/cmake/teleop_twist_joyConfig.cmake
[22.654s] -- Installing: /home/vboxuser/rover_ws_ri/install/teleop_twist_joy/share/teleop_twist_joy/cmake/teleop_twist_joyConfig-version.cmake
[22.654s] -- Installing: /home/vboxuser/rover_ws_ri/install/teleop_twist_joy/share/teleop_twist_joy/package.xml
[22.658s] Invoked command in '/home/vboxuser/rover_ws_ri/build/teleop_twist_joy' returned '0': CMAKE_PREFIX_PATH=/opt/ros/humble /usr/bin/cmake --install /home/vboxuser/rover_ws_ri/build/teleop_twist_joy
