[1.061s] Invoking command in '/home/vboxuser/rsl_ros2_ws/src/locomotion_core': PYTHONPATH=/home/vboxuser/rsl_ros2_ws/build/locomotion_core/prefix_override:/home/vboxuser/rsl_ros2_ws/install/locomotion_core/lib/python3.10/site-packages:${PYTHONPATH} /usr/bin/python3 setup.py egg_info --egg-base ../../build/locomotion_core build --build-base /home/vboxuser/rsl_ros2_ws/build/locomotion_core/build install --record /home/vboxuser/rsl_ros2_ws/build/locomotion_core/install.log --single-version-externally-managed
[1.357s] running egg_info
[1.358s] creating ../../build/locomotion_core/locomotion_core.egg-info
[1.358s] writing ../../build/locomotion_core/locomotion_core.egg-info/PKG-INFO
[1.358s] writing dependency_links to ../../build/locomotion_core/locomotion_core.egg-info/dependency_links.txt
[1.358s] writing entry points to ../../build/locomotion_core/locomotion_core.egg-info/entry_points.txt
[1.358s] writing requirements to ../../build/locomotion_core/locomotion_core.egg-info/requires.txt
[1.359s] writing top-level names to ../../build/locomotion_core/locomotion_core.egg-info/top_level.txt
[1.359s] writing manifest file '../../build/locomotion_core/locomotion_core.egg-info/SOURCES.txt'
[1.363s] reading manifest file '../../build/locomotion_core/locomotion_core.egg-info/SOURCES.txt'
[1.364s] writing manifest file '../../build/locomotion_core/locomotion_core.egg-info/SOURCES.txt'
[1.364s] running build
[1.364s] running build_py
[1.364s] creating /home/vboxuser/rsl_ros2_ws/build/locomotion_core/build
[1.364s] creating /home/vboxuser/rsl_ros2_ws/build/locomotion_core/build/lib
[1.365s] creating /home/vboxuser/rsl_ros2_ws/build/locomotion_core/build/lib/locomotion_core
[1.365s] copying locomotion_core/driver_node.py -> /home/vboxuser/rsl_ros2_ws/build/locomotion_core/build/lib/locomotion_core
[1.365s] copying locomotion_core/movebase_core.py -> /home/vboxuser/rsl_ros2_ws/build/locomotion_core/build/lib/locomotion_core
[1.365s] copying locomotion_core/cmd_roboteq2.py -> /home/vboxuser/rsl_ros2_ws/build/locomotion_core/build/lib/locomotion_core
[1.365s] copying locomotion_core/du_enable.py -> /home/vboxuser/rsl_ros2_ws/build/locomotion_core/build/lib/locomotion_core
[1.365s] copying locomotion_core/drive_selector.py -> /home/vboxuser/rsl_ros2_ws/build/locomotion_core/build/lib/locomotion_core
[1.365s] copying locomotion_core/cmd_roboteq.py -> /home/vboxuser/rsl_ros2_ws/build/locomotion_core/build/lib/locomotion_core
[1.365s] copying locomotion_core/__init__.py -> /home/vboxuser/rsl_ros2_ws/build/locomotion_core/build/lib/locomotion_core
[1.365s] copying locomotion_core/rover_state_controller.py -> /home/vboxuser/rsl_ros2_ws/build/locomotion_core/build/lib/locomotion_core
[1.366s] running install
[1.366s] running install_lib
[1.367s] creating /home/vboxuser/rsl_ros2_ws/install/locomotion_core/lib/python3.10/site-packages/locomotion_core
[1.367s] copying /home/vboxuser/rsl_ros2_ws/build/locomotion_core/build/lib/locomotion_core/driver_node.py -> /home/vboxuser/rsl_ros2_ws/install/locomotion_core/lib/python3.10/site-packages/locomotion_core
[1.367s] copying /home/vboxuser/rsl_ros2_ws/build/locomotion_core/build/lib/locomotion_core/movebase_core.py -> /home/vboxuser/rsl_ros2_ws/install/locomotion_core/lib/python3.10/site-packages/locomotion_core
[1.367s] copying /home/vboxuser/rsl_ros2_ws/build/locomotion_core/build/lib/locomotion_core/cmd_roboteq2.py -> /home/vboxuser/rsl_ros2_ws/install/locomotion_core/lib/python3.10/site-packages/locomotion_core
[1.368s] copying /home/vboxuser/rsl_ros2_ws/build/locomotion_core/build/lib/locomotion_core/du_enable.py -> /home/vboxuser/rsl_ros2_ws/install/locomotion_core/lib/python3.10/site-packages/locomotion_core
[1.368s] copying /home/vboxuser/rsl_ros2_ws/build/locomotion_core/build/lib/locomotion_core/drive_selector.py -> /home/vboxuser/rsl_ros2_ws/install/locomotion_core/lib/python3.10/site-packages/locomotion_core
[1.368s] copying /home/vboxuser/rsl_ros2_ws/build/locomotion_core/build/lib/locomotion_core/cmd_roboteq.py -> /home/vboxuser/rsl_ros2_ws/install/locomotion_core/lib/python3.10/site-packages/locomotion_core
[1.368s] copying /home/vboxuser/rsl_ros2_ws/build/locomotion_core/build/lib/locomotion_core/__init__.py -> /home/vboxuser/rsl_ros2_ws/install/locomotion_core/lib/python3.10/site-packages/locomotion_core
[1.368s] copying /home/vboxuser/rsl_ros2_ws/build/locomotion_core/build/lib/locomotion_core/rover_state_controller.py -> /home/vboxuser/rsl_ros2_ws/install/locomotion_core/lib/python3.10/site-packages/locomotion_core
[1.368s] byte-compiling /home/vboxuser/rsl_ros2_ws/install/locomotion_core/lib/python3.10/site-packages/locomotion_core/driver_node.py to driver_node.cpython-310.pyc
[1.369s] byte-compiling /home/vboxuser/rsl_ros2_ws/install/locomotion_core/lib/python3.10/site-packages/locomotion_core/movebase_core.py to movebase_core.cpython-310.pyc
[1.369s] byte-compiling /home/vboxuser/rsl_ros2_ws/install/locomotion_core/lib/python3.10/site-packages/locomotion_core/cmd_roboteq2.py to cmd_roboteq2.cpython-310.pyc
[1.370s] byte-compiling /home/vboxuser/rsl_ros2_ws/install/locomotion_core/lib/python3.10/site-packages/locomotion_core/du_enable.py to du_enable.cpython-310.pyc
[1.370s] byte-compiling /home/vboxuser/rsl_ros2_ws/install/locomotion_core/lib/python3.10/site-packages/locomotion_core/drive_selector.py to drive_selector.cpython-310.pyc
[1.371s] byte-compiling /home/vboxuser/rsl_ros2_ws/install/locomotion_core/lib/python3.10/site-packages/locomotion_core/cmd_roboteq.py to cmd_roboteq.cpython-310.pyc
[1.371s] byte-compiling /home/vboxuser/rsl_ros2_ws/install/locomotion_core/lib/python3.10/site-packages/locomotion_core/__init__.py to __init__.cpython-310.pyc
[1.372s] byte-compiling /home/vboxuser/rsl_ros2_ws/install/locomotion_core/lib/python3.10/site-packages/locomotion_core/rover_state_controller.py to rover_state_controller.cpython-310.pyc
[1.372s] running install_data
[1.373s] creating /home/vboxuser/rsl_ros2_ws/install/locomotion_core/share/ament_index
[1.373s] creating /home/vboxuser/rsl_ros2_ws/install/locomotion_core/share/ament_index/resource_index
[1.373s] creating /home/vboxuser/rsl_ros2_ws/install/locomotion_core/share/ament_index/resource_index/packages
[1.373s] copying resource/locomotion_core -> /home/vboxuser/rsl_ros2_ws/install/locomotion_core/share/ament_index/resource_index/packages
[1.373s] copying package.xml -> /home/vboxuser/rsl_ros2_ws/install/locomotion_core/share/locomotion_core
[1.373s] running install_egg_info
[1.375s] Copying ../../build/locomotion_core/locomotion_core.egg-info to /home/vboxuser/rsl_ros2_ws/install/locomotion_core/lib/python3.10/site-packages/locomotion_core-0.0.0-py3.10.egg-info
[1.375s] running install_scripts
[1.398s] Installing cmd_roboteq script to /home/vboxuser/rsl_ros2_ws/install/locomotion_core/lib/locomotion_core
[1.398s] Installing cmd_roboteq2 script to /home/vboxuser/rsl_ros2_ws/install/locomotion_core/lib/locomotion_core
[1.398s] Installing drive_selector script to /home/vboxuser/rsl_ros2_ws/install/locomotion_core/lib/locomotion_core
[1.399s] Installing du_enable script to /home/vboxuser/rsl_ros2_ws/install/locomotion_core/lib/locomotion_core
[1.399s] Installing movebase_core script to /home/vboxuser/rsl_ros2_ws/install/locomotion_core/lib/locomotion_core
[1.400s] Installing rover_state_controller script to /home/vboxuser/rsl_ros2_ws/install/locomotion_core/lib/locomotion_core
[1.400s] writing list of installed files to '/home/vboxuser/rsl_ros2_ws/build/locomotion_core/install.log'
[1.454s] Invoked command in '/home/vboxuser/rsl_ros2_ws/src/locomotion_core' returned '0': PYTHONPATH=/home/vboxuser/rsl_ros2_ws/build/locomotion_core/prefix_override:/home/vboxuser/rsl_ros2_ws/install/locomotion_core/lib/python3.10/site-packages:${PYTHONPATH} /usr/bin/python3 setup.py egg_info --egg-base ../../build/locomotion_core build --build-base /home/vboxuser/rsl_ros2_ws/build/locomotion_core/build install --record /home/vboxuser/rsl_ros2_ws/build/locomotion_core/install.log --single-version-externally-managed
