-- Found ament_cmake: 1.3.3 (/opt/ros/humble/share/ament_cmake/cmake)
-- Found geometry_msgs: 4.2.3 (/opt/ros/humble/share/geometry_msgs/cmake)
-- Found rosidl_generator_c: 3.1.4 (/opt/ros/humble/share/rosidl_generator_c/cmake)
-- Found rosidl_adapter: 3.1.4 (/opt/ros/humble/share/rosidl_adapter/cmake)
-- Found rosidl_generator_cpp: 3.1.4 (/opt/ros/humble/share/rosidl_generator_cpp/cmake)
-- Using all available rosidl_typesupport_c: rosidl_typesupport_fastrtps_c;rosidl_typesupport_introspection_c
-- Using all available rosidl_typesupport_cpp: rosidl_typesupport_fastrtps_cpp;rosidl_typesupport_introspection_cpp
-- Found rclcpp: 16.0.3 (/opt/ros/humble/share/rclcpp/cmake)
-- Found rmw_implementation_cmake: 6.1.1 (/opt/ros/humble/share/rmw_implementation_cmake/cmake)
-- Found rmw_fastrtps_cpp: 6.2.2 (/opt/ros/humble/share/rmw_fastrtps_cpp/cmake)
-- Using RMW implementation 'rmw_fastrtps_cpp' as default
-- Found rclcpp_components: 16.0.3 (/opt/ros/humble/share/rclcpp_components/cmake)
-- Found sensor_msgs: 4.2.3 (/opt/ros/humble/share/sensor_msgs/cmake)
-- Found ament_lint_auto: 0.12.5 (/opt/ros/humble/share/ament_lint_auto/cmake)
-- Found python_cmake_module: 0.10.0 (/opt/ros/humble/share/python_cmake_module/cmake)
-- Using PYTHON_EXECUTABLE: /usr/bin/python3
-- Using PYTHON_INCLUDE_DIRS: /usr/include/python3.10
-- Using PYTHON_LIBRARIES: /usr/lib/x86_64-linux-gnu/libpython3.10.so
-- Added test 'cppcheck' to perform static code analysis on C / C++ code
-- Configured cppcheck include dirs: /home/vboxuser/rover_ws_ri/src/teleop_twist_joy/include
-- Configured cppcheck exclude dirs and/or files: 
-- Added test 'flake8' to check Python code syntax and style conventions
-- Added test 'lint_cmake' to check CMake code style
-- Added test 'pep257' to check Python code against some of the docstring style conventions in PEP 257
-- Added test 'xmllint' to check XML markup files
-- Configuring done
[33mCMake Warning (dev) at CMakeLists.txt:22 (add_library):
  Policy CMP0115 is not set: Source file extensions must be explicit.  Run
  "cmake --help-policy CMP0115" for policy details.  Use the cmake_policy
  command to set the policy and suppress this warning.

  File:

    /home/vboxuser/rover_ws_ri/src/teleop_twist_joy/src/teleop_twist_joy.cpp
This warning is for project developers.  Use -Wno-dev to suppress it.
[0m
-- Generating done
-- Build files have been written to: /home/vboxuser/rover_ws_ri/build/teleop_twist_joy
[35m[1mConsolidate compiler generated dependencies of target teleop_twist_joy[0m
[ 25%] [32mBuilding CXX object CMakeFiles/teleop_twist_joy.dir/src/teleop_twist_joy.cpp.o[0m
[ 50%] [32m[1mLinking CXX shared library libteleop_twist_joy.so[0m
[ 50%] Built target teleop_twist_joy
[35m[1mConsolidate compiler generated dependencies of target teleop_twist_joy_node[0m
[ 75%] [32mBuilding CXX object CMakeFiles/teleop_twist_joy_node.dir/src/teleop_node.cpp.o[0m
[100%] [32m[1mLinking CXX executable teleop_node[0m
[100%] Built target teleop_twist_joy_node
-- Install configuration: ""
-- Installing: /home/vboxuser/rover_ws_ri/install/teleop_twist_joy/lib/libteleop_twist_joy.so
-- Set runtime path of "/home/vboxuser/rover_ws_ri/install/teleop_twist_joy/lib/libteleop_twist_joy.so" to ""
-- Installing: /home/vboxuser/rover_ws_ri/install/teleop_twist_joy/lib/teleop_twist_joy/teleop_node
-- Set runtime path of "/home/vboxuser/rover_ws_ri/install/teleop_twist_joy/lib/teleop_twist_joy/teleop_node" to ""
-- Up-to-date: /home/vboxuser/rover_ws_ri/install/teleop_twist_joy/include
-- Up-to-date: /home/vboxuser/rover_ws_ri/install/teleop_twist_joy/include/teleop_twist_joy
-- Installing: /home/vboxuser/rover_ws_ri/install/teleop_twist_joy/include/teleop_twist_joy/teleop_twist_joy.hpp
-- Up-to-date: /home/vboxuser/rover_ws_ri/install/teleop_twist_joy/include/teleop_twist_joy/teleop_twist_joy_export.h
-- Up-to-date: /home/vboxuser/rover_ws_ri/install/teleop_twist_joy/share/teleop_twist_joy/launch
-- Installing: /home/vboxuser/rover_ws_ri/install/teleop_twist_joy/share/teleop_twist_joy/launch/teleop-launch.py
-- Up-to-date: /home/vboxuser/rover_ws_ri/install/teleop_twist_joy/share/teleop_twist_joy/config
-- Installing: /home/vboxuser/rover_ws_ri/install/teleop_twist_joy/share/teleop_twist_joy/config/xbox.config.yaml
-- Installing: /home/vboxuser/rover_ws_ri/install/teleop_twist_joy/share/teleop_twist_joy/config/atk3.config.yaml
-- Installing: /home/vboxuser/rover_ws_ri/install/teleop_twist_joy/share/teleop_twist_joy/config/ps3-holonomic.config.yaml
-- Installing: /home/vboxuser/rover_ws_ri/install/teleop_twist_joy/share/teleop_twist_joy/config/xd3.config.yaml
-- Installing: /home/vboxuser/rover_ws_ri/install/teleop_twist_joy/share/teleop_twist_joy/config/ps3.config.yaml
-- Up-to-date: /home/vboxuser/rover_ws_ri/install/teleop_twist_joy/share/teleop_twist_joy/environment/library_path.sh
-- Installing: /home/vboxuser/rover_ws_ri/install/teleop_twist_joy/share/teleop_twist_joy/environment/library_path.dsv
-- Up-to-date: /home/vboxuser/rover_ws_ri/install/teleop_twist_joy/share/ament_index/resource_index/package_run_dependencies/teleop_twist_joy
-- Up-to-date: /home/vboxuser/rover_ws_ri/install/teleop_twist_joy/share/ament_index/resource_index/parent_prefix_path/teleop_twist_joy
-- Up-to-date: /home/vboxuser/rover_ws_ri/install/teleop_twist_joy/share/teleop_twist_joy/environment/ament_prefix_path.sh
-- Installing: /home/vboxuser/rover_ws_ri/install/teleop_twist_joy/share/teleop_twist_joy/environment/ament_prefix_path.dsv
-- Up-to-date: /home/vboxuser/rover_ws_ri/install/teleop_twist_joy/share/teleop_twist_joy/environment/path.sh
-- Installing: /home/vboxuser/rover_ws_ri/install/teleop_twist_joy/share/teleop_twist_joy/environment/path.dsv
-- Up-to-date: /home/vboxuser/rover_ws_ri/install/teleop_twist_joy/share/teleop_twist_joy/local_setup.bash
-- Up-to-date: /home/vboxuser/rover_ws_ri/install/teleop_twist_joy/share/teleop_twist_joy/local_setup.sh
-- Up-to-date: /home/vboxuser/rover_ws_ri/install/teleop_twist_joy/share/teleop_twist_joy/local_setup.zsh
-- Installing: /home/vboxuser/rover_ws_ri/install/teleop_twist_joy/share/teleop_twist_joy/local_setup.dsv
-- Installing: /home/vboxuser/rover_ws_ri/install/teleop_twist_joy/share/teleop_twist_joy/package.dsv
-- Up-to-date: /home/vboxuser/rover_ws_ri/install/teleop_twist_joy/share/ament_index/resource_index/packages/teleop_twist_joy
-- Up-to-date: /home/vboxuser/rover_ws_ri/install/teleop_twist_joy/share/ament_index/resource_index/rclcpp_components/teleop_twist_joy
-- Up-to-date: /home/vboxuser/rover_ws_ri/install/teleop_twist_joy/share/teleop_twist_joy/cmake/ament_cmake_export_include_directories-extras.cmake
-- Up-to-date: /home/vboxuser/rover_ws_ri/install/teleop_twist_joy/share/teleop_twist_joy/cmake/ament_cmake_export_libraries-extras.cmake
-- Up-to-date: /home/vboxuser/rover_ws_ri/install/teleop_twist_joy/share/teleop_twist_joy/cmake/teleop_twist_joyConfig.cmake
-- Up-to-date: /home/vboxuser/rover_ws_ri/install/teleop_twist_joy/share/teleop_twist_joy/cmake/teleop_twist_joyConfig-version.cmake
-- Installing: /home/vboxuser/rover_ws_ri/install/teleop_twist_joy/share/teleop_twist_joy/package.xml
