[0.411s] Invoking command in '/home/vboxuser/rover_ws_ri/build/teleop_twist_joy': CMAKE_PREFIX_PATH=/opt/ros/humble /usr/bin/cmake --build /home/vboxuser/rover_ws_ri/build/teleop_twist_joy -- -j6 -l6
[0.550s] -- Found ament_cmake: 1.3.3 (/opt/ros/humble/share/ament_cmake/cmake)
[0.915s] -- Found geometry_msgs: 4.2.3 (/opt/ros/humble/share/geometry_msgs/cmake)
[0.972s] -- Found rosidl_generator_c: 3.1.4 (/opt/ros/humble/share/rosidl_generator_c/cmake)
[0.982s] -- Found rosidl_adapter: 3.1.4 (/opt/ros/humble/share/rosidl_adapter/cmake)
[0.995s] -- Found rosidl_generator_cpp: 3.1.4 (/opt/ros/humble/share/rosidl_generator_cpp/cmake)
[1.018s] -- Using all available rosidl_typesupport_c: rosidl_typesupport_fastrtps_c;rosidl_typesupport_introspection_c
[1.052s] -- Using all available rosidl_typesupport_cpp: rosidl_typesupport_fastrtps_cpp;rosidl_typesupport_introspection_cpp
[1.231s] -- Found rclcpp: 16.0.3 (/opt/ros/humble/share/rclcpp/cmake)
[1.336s] -- Found rmw_implementation_cmake: 6.1.1 (/opt/ros/humble/share/rmw_implementation_cmake/cmake)
[1.341s] -- Found rmw_fastrtps_cpp: 6.2.2 (/opt/ros/humble/share/rmw_fastrtps_cpp/cmake)
[1.512s] -- Using RMW implementation 'rmw_fastrtps_cpp' as default
[1.789s] -- Found rclcpp_components: 16.0.3 (/opt/ros/humble/share/rclcpp_components/cmake)
[1.898s] -- Found sensor_msgs: 4.2.3 (/opt/ros/humble/share/sensor_msgs/cmake)
[2.053s] -- Found ament_lint_auto: 0.12.5 (/opt/ros/humble/share/ament_lint_auto/cmake)
[2.172s] -- Found python_cmake_module: 0.10.0 (/opt/ros/humble/share/python_cmake_module/cmake)
[2.204s] -- Using PYTHON_EXECUTABLE: /usr/bin/python3
[2.204s] -- Using PYTHON_INCLUDE_DIRS: /usr/include/python3.10
[2.204s] -- Using PYTHON_LIBRARIES: /usr/lib/x86_64-linux-gnu/libpython3.10.so
[2.228s] -- Added test 'cppcheck' to perform static code analysis on C / C++ code
[2.229s] -- Configured cppcheck include dirs: /home/vboxuser/rover_ws_ri/src/teleop_twist_joy/include
[2.229s] -- Configured cppcheck exclude dirs and/or files: 
[2.230s] -- Added test 'flake8' to check Python code syntax and style conventions
[2.232s] -- Added test 'lint_cmake' to check CMake code style
[2.232s] -- Added test 'pep257' to check Python code against some of the docstring style conventions in PEP 257
[2.233s] -- Added test 'xmllint' to check XML markup files
[2.253s] -- Configuring done
[2.256s] [33mCMake Warning (dev) at CMakeLists.txt:22 (add_library):
[2.256s]   Policy CMP0115 is not set: Source file extensions must be explicit.  Run
[2.256s]   "cmake --help-policy CMP0115" for policy details.  Use the cmake_policy
[2.256s]   command to set the policy and suppress this warning.
[2.256s] 
[2.256s]   File:
[2.256s] 
[2.256s]     /home/vboxuser/rover_ws_ri/src/teleop_twist_joy/src/teleop_twist_joy.cpp
[2.256s] This warning is for project developers.  Use -Wno-dev to suppress it.
[2.257s] [0m
[2.280s] -- Generating done
[2.282s] -- Build files have been written to: /home/vboxuser/rover_ws_ri/build/teleop_twist_joy
[2.322s] [35m[1mConsolidate compiler generated dependencies of target teleop_twist_joy[0m
[2.341s] [ 25%] [32mBuilding CXX object CMakeFiles/teleop_twist_joy.dir/src/teleop_twist_joy.cpp.o[0m
[14.901s] [ 50%] [32m[1mLinking CXX shared library libteleop_twist_joy.so[0m
[15.833s] [ 50%] Built target teleop_twist_joy
[15.845s] [35m[1mConsolidate compiler generated dependencies of target teleop_twist_joy_node[0m
[15.859s] [ 75%] [32mBuilding CXX object CMakeFiles/teleop_twist_joy_node.dir/src/teleop_node.cpp.o[0m
[19.237s] [100%] [32m[1mLinking CXX executable teleop_node[0m
[19.548s] [100%] Built target teleop_twist_joy_node
[19.563s] Invoked command in '/home/vboxuser/rover_ws_ri/build/teleop_twist_joy' returned '0': CMAKE_PREFIX_PATH=/opt/ros/humble /usr/bin/cmake --build /home/vboxuser/rover_ws_ri/build/teleop_twist_joy -- -j6 -l6
[19.590s] Invoking command in '/home/vboxuser/rover_ws_ri/build/teleop_twist_joy': CMAKE_PREFIX_PATH=/opt/ros/humble /usr/bin/cmake --install /home/vboxuser/rover_ws_ri/build/teleop_twist_joy
[19.599s] -- Install configuration: ""
[19.604s] -- Installing: /home/vboxuser/rover_ws_ri/install/teleop_twist_joy/lib/libteleop_twist_joy.so
[19.610s] -- Set runtime path of "/home/vboxuser/rover_ws_ri/install/teleop_twist_joy/lib/libteleop_twist_joy.so" to ""
[19.612s] -- Installing: /home/vboxuser/rover_ws_ri/install/teleop_twist_joy/lib/teleop_twist_joy/teleop_node
[19.614s] -- Set runtime path of "/home/vboxuser/rover_ws_ri/install/teleop_twist_joy/lib/teleop_twist_joy/teleop_node" to ""
[19.614s] -- Up-to-date: /home/vboxuser/rover_ws_ri/install/teleop_twist_joy/include
[19.614s] -- Up-to-date: /home/vboxuser/rover_ws_ri/install/teleop_twist_joy/include/teleop_twist_joy
[19.614s] -- Installing: /home/vboxuser/rover_ws_ri/install/teleop_twist_joy/include/teleop_twist_joy/teleop_twist_joy.hpp
[19.614s] -- Up-to-date: /home/vboxuser/rover_ws_ri/install/teleop_twist_joy/include/teleop_twist_joy/teleop_twist_joy_export.h
[19.614s] -- Up-to-date: /home/vboxuser/rover_ws_ri/install/teleop_twist_joy/share/teleop_twist_joy/launch
[19.614s] -- Installing: /home/vboxuser/rover_ws_ri/install/teleop_twist_joy/share/teleop_twist_joy/launch/teleop-launch.py
[19.614s] -- Up-to-date: /home/vboxuser/rover_ws_ri/install/teleop_twist_joy/share/teleop_twist_joy/config
[19.614s] -- Installing: /home/vboxuser/rover_ws_ri/install/teleop_twist_joy/share/teleop_twist_joy/config/xbox.config.yaml
[19.614s] -- Installing: /home/vboxuser/rover_ws_ri/install/teleop_twist_joy/share/teleop_twist_joy/config/atk3.config.yaml
[19.614s] -- Installing: /home/vboxuser/rover_ws_ri/install/teleop_twist_joy/share/teleop_twist_joy/config/ps3-holonomic.config.yaml
[19.614s] -- Installing: /home/vboxuser/rover_ws_ri/install/teleop_twist_joy/share/teleop_twist_joy/config/xd3.config.yaml
[19.615s] -- Installing: /home/vboxuser/rover_ws_ri/install/teleop_twist_joy/share/teleop_twist_joy/config/ps3.config.yaml
[19.615s] -- Up-to-date: /home/vboxuser/rover_ws_ri/install/teleop_twist_joy/share/teleop_twist_joy/environment/library_path.sh
[19.615s] -- Installing: /home/vboxuser/rover_ws_ri/install/teleop_twist_joy/share/teleop_twist_joy/environment/library_path.dsv
[19.616s] -- Up-to-date: /home/vboxuser/rover_ws_ri/install/teleop_twist_joy/share/ament_index/resource_index/package_run_dependencies/teleop_twist_joy
[19.616s] -- Up-to-date: /home/vboxuser/rover_ws_ri/install/teleop_twist_joy/share/ament_index/resource_index/parent_prefix_path/teleop_twist_joy
[19.616s] -- Up-to-date: /home/vboxuser/rover_ws_ri/install/teleop_twist_joy/share/teleop_twist_joy/environment/ament_prefix_path.sh
[19.616s] -- Installing: /home/vboxuser/rover_ws_ri/install/teleop_twist_joy/share/teleop_twist_joy/environment/ament_prefix_path.dsv
[19.617s] -- Up-to-date: /home/vboxuser/rover_ws_ri/install/teleop_twist_joy/share/teleop_twist_joy/environment/path.sh
[19.617s] -- Installing: /home/vboxuser/rover_ws_ri/install/teleop_twist_joy/share/teleop_twist_joy/environment/path.dsv
[19.617s] -- Up-to-date: /home/vboxuser/rover_ws_ri/install/teleop_twist_joy/share/teleop_twist_joy/local_setup.bash
[19.617s] -- Up-to-date: /home/vboxuser/rover_ws_ri/install/teleop_twist_joy/share/teleop_twist_joy/local_setup.sh
[19.618s] -- Up-to-date: /home/vboxuser/rover_ws_ri/install/teleop_twist_joy/share/teleop_twist_joy/local_setup.zsh
[19.618s] -- Installing: /home/vboxuser/rover_ws_ri/install/teleop_twist_joy/share/teleop_twist_joy/local_setup.dsv
[19.618s] -- Installing: /home/vboxuser/rover_ws_ri/install/teleop_twist_joy/share/teleop_twist_joy/package.dsv
[19.618s] -- Up-to-date: /home/vboxuser/rover_ws_ri/install/teleop_twist_joy/share/ament_index/resource_index/packages/teleop_twist_joy
[19.618s] -- Up-to-date: /home/vboxuser/rover_ws_ri/install/teleop_twist_joy/share/ament_index/resource_index/rclcpp_components/teleop_twist_joy
[19.619s] -- Up-to-date: /home/vboxuser/rover_ws_ri/install/teleop_twist_joy/share/teleop_twist_joy/cmake/ament_cmake_export_include_directories-extras.cmake
[19.619s] -- Up-to-date: /home/vboxuser/rover_ws_ri/install/teleop_twist_joy/share/teleop_twist_joy/cmake/ament_cmake_export_libraries-extras.cmake
[19.619s] -- Up-to-date: /home/vboxuser/rover_ws_ri/install/teleop_twist_joy/share/teleop_twist_joy/cmake/teleop_twist_joyConfig.cmake
[19.619s] -- Up-to-date: /home/vboxuser/rover_ws_ri/install/teleop_twist_joy/share/teleop_twist_joy/cmake/teleop_twist_joyConfig-version.cmake
[19.619s] -- Installing: /home/vboxuser/rover_ws_ri/install/teleop_twist_joy/share/teleop_twist_joy/package.xml
[19.629s] Invoked command in '/home/vboxuser/rover_ws_ri/build/teleop_twist_joy' returned '0': CMAKE_PREFIX_PATH=/opt/ros/humble /usr/bin/cmake --install /home/vboxuser/rover_ws_ri/build/teleop_twist_joy
