[1.079s] Invoking command in '/home/vboxuser/rover_ws_ri/src/locomotion_core': PYTHONPATH=/home/vboxuser/rover_ws_ri/build/locomotion_core/prefix_override:/home/vboxuser/rover_ws_ri/install/locomotion_core/lib/python3.10/site-packages:${PYTHONPATH} /usr/bin/python3 setup.py egg_info --egg-base ../../build/locomotion_core build --build-base /home/vboxuser/rover_ws_ri/build/locomotion_core/build install --record /home/vboxuser/rover_ws_ri/build/locomotion_core/install.log --single-version-externally-managed
[1.384s] running egg_info
[1.385s] writing ../../build/locomotion_core/locomotion_core.egg-info/PKG-INFO
[1.386s] writing dependency_links to ../../build/locomotion_core/locomotion_core.egg-info/dependency_links.txt
[1.387s] writing entry points to ../../build/locomotion_core/locomotion_core.egg-info/entry_points.txt
[1.388s] writing requirements to ../../build/locomotion_core/locomotion_core.egg-info/requires.txt
[1.388s] writing top-level names to ../../build/locomotion_core/locomotion_core.egg-info/top_level.txt
[1.391s] reading manifest file '../../build/locomotion_core/locomotion_core.egg-info/SOURCES.txt'
[1.392s] writing manifest file '../../build/locomotion_core/locomotion_core.egg-info/SOURCES.txt'
[1.393s] running build
[1.393s] running build_py
[1.394s] copying locomotion_core/rover_state_controller.py -> /home/vboxuser/rover_ws_ri/build/locomotion_core/build/lib/locomotion_core
[1.395s] running install
[1.396s] running install_lib
[1.397s] copying /home/vboxuser/rover_ws_ri/build/locomotion_core/build/lib/locomotion_core/rover_state_controller.py -> /home/vboxuser/rover_ws_ri/install/locomotion_core/lib/python3.10/site-packages/locomotion_core
[1.398s] byte-compiling /home/vboxuser/rover_ws_ri/install/locomotion_core/lib/python3.10/site-packages/locomotion_core/rover_state_controller.py to rover_state_controller.cpython-310.pyc
[1.400s] running install_data
[1.401s] running install_egg_info
[1.403s] removing '/home/vboxuser/rover_ws_ri/install/locomotion_core/lib/python3.10/site-packages/locomotion_core-0.0.0-py3.10.egg-info' (and everything under it)
[1.405s] Copying ../../build/locomotion_core/locomotion_core.egg-info to /home/vboxuser/rover_ws_ri/install/locomotion_core/lib/python3.10/site-packages/locomotion_core-0.0.0-py3.10.egg-info
[1.416s] running install_scripts
[1.436s] Installing cmd_roboteq script to /home/vboxuser/rover_ws_ri/install/locomotion_core/lib/locomotion_core
[1.437s] Installing cmd_roboteq2 script to /home/vboxuser/rover_ws_ri/install/locomotion_core/lib/locomotion_core
[1.438s] Installing drive_selector script to /home/vboxuser/rover_ws_ri/install/locomotion_core/lib/locomotion_core
[1.439s] Installing du_enable script to /home/vboxuser/rover_ws_ri/install/locomotion_core/lib/locomotion_core
[1.439s] Installing movebase_kinematics script to /home/vboxuser/rover_ws_ri/install/locomotion_core/lib/locomotion_core
[1.440s] Installing rover_state_controller script to /home/vboxuser/rover_ws_ri/install/locomotion_core/lib/locomotion_core
[1.448s] writing list of installed files to '/home/vboxuser/rover_ws_ri/build/locomotion_core/install.log'
[1.484s] Invoked command in '/home/vboxuser/rover_ws_ri/src/locomotion_core' returned '0': PYTHONPATH=/home/vboxuser/rover_ws_ri/build/locomotion_core/prefix_override:/home/vboxuser/rover_ws_ri/install/locomotion_core/lib/python3.10/site-packages:${PYTHONPATH} /usr/bin/python3 setup.py egg_info --egg-base ../../build/locomotion_core build --build-base /home/vboxuser/rover_ws_ri/build/locomotion_core/build install --record /home/vboxuser/rover_ws_ri/build/locomotion_core/install.log --single-version-externally-managed
