[0.447s] Invoking command in '/home/vboxuser/rover_ws_ri/build/robot_startup': CMAKE_PREFIX_PATH=${CMAKE_PREFIX_PATH}:/home/vboxuser/rover_ws_ri/install/my_robot_ctrl:/home/vboxuser/rover_ws_ri/install/locomotion_core:/opt/ros/humble /usr/bin/cmake /home/vboxuser/rover_ws_ri/src/robot_startup -DCMAKE_INSTALL_PREFIX=/home/vboxuser/rover_ws_ri/install/robot_startup
[0.604s] -- The C compiler identification is GNU 11.3.0
[0.688s] -- The CXX compiler identification is GNU 11.3.0
[0.702s] -- Detecting C compiler ABI info
[0.971s] -- Detecting C compiler ABI info - done
[0.980s] -- Check for working C compiler: /usr/bin/cc - skipped
[0.980s] -- Detecting C compile features
[0.981s] -- Detecting C compile features - done
[0.989s] -- Detecting CXX compiler ABI info
[1.132s] -- Detecting CXX compiler ABI info - done
[1.141s] -- Check for working CXX compiler: /usr/bin/c++ - skipped
[1.142s] -- Detecting CXX compile features
[1.142s] -- Detecting CXX compile features - done
[1.145s] -- Found ament_cmake: 1.3.3 (/opt/ros/humble/share/ament_cmake/cmake)
[1.481s] -- Found Python3: /usr/bin/python3.10 (found version "3.10.6") found components: Interpreter 
[1.642s] -- Found ament_lint_auto: 0.12.5 (/opt/ros/humble/share/ament_lint_auto/cmake)
[1.806s] -- Added test 'flake8' to check Python code syntax and style conventions
[1.807s] -- Added test 'lint_cmake' to check CMake code style
[1.807s] -- Added test 'pep257' to check Python code against some of the docstring style conventions in PEP 257
[1.808s] -- Added test 'xmllint' to check XML markup files
[1.810s] -- Configuring done
[1.815s] -- Generating done
[1.816s] -- Build files have been written to: /home/vboxuser/rover_ws_ri/build/robot_startup
[1.828s] Invoked command in '/home/vboxuser/rover_ws_ri/build/robot_startup' returned '0': CMAKE_PREFIX_PATH=${CMAKE_PREFIX_PATH}:/home/vboxuser/rover_ws_ri/install/my_robot_ctrl:/home/vboxuser/rover_ws_ri/install/locomotion_core:/opt/ros/humble /usr/bin/cmake /home/vboxuser/rover_ws_ri/src/robot_startup -DCMAKE_INSTALL_PREFIX=/home/vboxuser/rover_ws_ri/install/robot_startup
[1.830s] Invoking command in '/home/vboxuser/rover_ws_ri/build/robot_startup': CMAKE_PREFIX_PATH=${CMAKE_PREFIX_PATH}:/home/vboxuser/rover_ws_ri/install/my_robot_ctrl:/home/vboxuser/rover_ws_ri/install/locomotion_core:/opt/ros/humble /usr/bin/cmake --build /home/vboxuser/rover_ws_ri/build/robot_startup -- -j6 -l6
[1.917s] Invoked command in '/home/vboxuser/rover_ws_ri/build/robot_startup' returned '0': CMAKE_PREFIX_PATH=${CMAKE_PREFIX_PATH}:/home/vboxuser/rover_ws_ri/install/my_robot_ctrl:/home/vboxuser/rover_ws_ri/install/locomotion_core:/opt/ros/humble /usr/bin/cmake --build /home/vboxuser/rover_ws_ri/build/robot_startup -- -j6 -l6
[1.995s] Invoking command in '/home/vboxuser/rover_ws_ri/build/robot_startup': CMAKE_PREFIX_PATH=${CMAKE_PREFIX_PATH}:/home/vboxuser/rover_ws_ri/install/my_robot_ctrl:/home/vboxuser/rover_ws_ri/install/locomotion_core:/opt/ros/humble /usr/bin/cmake --install /home/vboxuser/rover_ws_ri/build/robot_startup
[2.033s] -- Install configuration: ""
[2.034s] -- Installing: /home/vboxuser/rover_ws_ri/install/robot_startup/share/robot_startup/launch
[2.034s] -- Installing: /home/vboxuser/rover_ws_ri/install/robot_startup/share/robot_startup/launch/rover.launch.py
[2.034s] -- Installing: /home/vboxuser/rover_ws_ri/install/robot_startup/share/ament_index/resource_index/package_run_dependencies/robot_startup
[2.034s] -- Installing: /home/vboxuser/rover_ws_ri/install/robot_startup/share/ament_index/resource_index/parent_prefix_path/robot_startup
[2.034s] -- Installing: /home/vboxuser/rover_ws_ri/install/robot_startup/share/robot_startup/environment/ament_prefix_path.sh
[2.034s] -- Installing: /home/vboxuser/rover_ws_ri/install/robot_startup/share/robot_startup/environment/ament_prefix_path.dsv
[2.034s] -- Installing: /home/vboxuser/rover_ws_ri/install/robot_startup/share/robot_startup/environment/path.sh
[2.034s] -- Installing: /home/vboxuser/rover_ws_ri/install/robot_startup/share/robot_startup/environment/path.dsv
[2.034s] -- Installing: /home/vboxuser/rover_ws_ri/install/robot_startup/share/robot_startup/local_setup.bash
[2.039s] -- Installing: /home/vboxuser/rover_ws_ri/install/robot_startup/share/robot_startup/local_setup.sh
[2.039s] -- Installing: /home/vboxuser/rover_ws_ri/install/robot_startup/share/robot_startup/local_setup.zsh
[2.039s] -- Installing: /home/vboxuser/rover_ws_ri/install/robot_startup/share/robot_startup/local_setup.dsv
[2.039s] -- Installing: /home/vboxuser/rover_ws_ri/install/robot_startup/share/robot_startup/package.dsv
[2.039s] -- Installing: /home/vboxuser/rover_ws_ri/install/robot_startup/share/ament_index/resource_index/packages/robot_startup
[2.040s] -- Installing: /home/vboxuser/rover_ws_ri/install/robot_startup/share/robot_startup/cmake/robot_startupConfig.cmake
[2.040s] -- Installing: /home/vboxuser/rover_ws_ri/install/robot_startup/share/robot_startup/cmake/robot_startupConfig-version.cmake
[2.040s] -- Installing: /home/vboxuser/rover_ws_ri/install/robot_startup/share/robot_startup/package.xml
[2.049s] Invoked command in '/home/vboxuser/rover_ws_ri/build/robot_startup' returned '0': CMAKE_PREFIX_PATH=${CMAKE_PREFIX_PATH}:/home/vboxuser/rover_ws_ri/install/my_robot_ctrl:/home/vboxuser/rover_ws_ri/install/locomotion_core:/opt/ros/humble /usr/bin/cmake --install /home/vboxuser/rover_ws_ri/build/robot_startup
