[1.491s] Invoking command in '/home/vboxuser/rover_ws_ri/build/robot_startup': CMAKE_PREFIX_PATH=/opt/ros/humble /usr/bin/cmake --build /home/vboxuser/rover_ws_ri/build/robot_startup -- -j6 -l6
[2.014s] Invoked command in '/home/vboxuser/rover_ws_ri/build/robot_startup' returned '0': CMAKE_PREFIX_PATH=/opt/ros/humble /usr/bin/cmake --build /home/vboxuser/rover_ws_ri/build/robot_startup -- -j6 -l6
[2.124s] Invoking command in '/home/vboxuser/rover_ws_ri/build/robot_startup': CMAKE_PREFIX_PATH=/opt/ros/humble /usr/bin/cmake --install /home/vboxuser/rover_ws_ri/build/robot_startup
[2.156s] -- Install configuration: ""
[2.164s] -- Up-to-date: /home/vboxuser/rover_ws_ri/install/robot_startup/share/robot_startup/launch
[2.166s] -- Up-to-date: /home/vboxuser/rover_ws_ri/install/robot_startup/share/robot_startup/launch/rover.launch.py
[2.178s] -- Up-to-date: /home/vboxuser/rover_ws_ri/install/robot_startup/share/ament_index/resource_index/package_run_dependencies/robot_startup
[2.182s] -- Up-to-date: /home/vboxuser/rover_ws_ri/install/robot_startup/share/ament_index/resource_index/parent_prefix_path/robot_startup
[2.188s] -- Up-to-date: /home/vboxuser/rover_ws_ri/install/robot_startup/share/robot_startup/environment/ament_prefix_path.sh
[2.189s] -- Up-to-date: /home/vboxuser/rover_ws_ri/install/robot_startup/share/robot_startup/environment/ament_prefix_path.dsv
[2.189s] -- Up-to-date: /home/vboxuser/rover_ws_ri/install/robot_startup/share/robot_startup/environment/path.sh
[2.190s] -- Up-to-date: /home/vboxuser/rover_ws_ri/install/robot_startup/share/robot_startup/environment/path.dsv
[2.190s] -- Up-to-date: /home/vboxuser/rover_ws_ri/install/robot_startup/share/robot_startup/local_setup.bash
[2.191s] -- Up-to-date: /home/vboxuser/rover_ws_ri/install/robot_startup/share/robot_startup/local_setup.sh
[2.191s] -- Up-to-date: /home/vboxuser/rover_ws_ri/install/robot_startup/share/robot_startup/local_setup.zsh
[2.191s] -- Up-to-date: /home/vboxuser/rover_ws_ri/install/robot_startup/share/robot_startup/local_setup.dsv
[2.192s] -- Installing: /home/vboxuser/rover_ws_ri/install/robot_startup/share/robot_startup/package.dsv
[2.198s] -- Up-to-date: /home/vboxuser/rover_ws_ri/install/robot_startup/share/ament_index/resource_index/packages/robot_startup
[2.202s] -- Up-to-date: /home/vboxuser/rover_ws_ri/install/robot_startup/share/robot_startup/cmake/robot_startupConfig.cmake
[2.202s] -- Up-to-date: /home/vboxuser/rover_ws_ri/install/robot_startup/share/robot_startup/cmake/robot_startupConfig-version.cmake
[2.202s] -- Up-to-date: /home/vboxuser/rover_ws_ri/install/robot_startup/share/robot_startup/package.xml
[2.208s] Invoked command in '/home/vboxuser/rover_ws_ri/build/robot_startup' returned '0': CMAKE_PREFIX_PATH=/opt/ros/humble /usr/bin/cmake --install /home/vboxuser/rover_ws_ri/build/robot_startup
