[1.215s] Invoking command in '/home/vboxuser/rover_ws_ri/src/locomotion_core': PYTHONPATH=/home/vboxuser/rover_ws_ri/build/locomotion_core/prefix_override:/home/vboxuser/rover_ws_ri/install/locomotion_core/lib/python3.10/site-packages:${PYTHONPATH} /usr/bin/python3 setup.py egg_info --egg-base ../../build/locomotion_core build --build-base /home/vboxuser/rover_ws_ri/build/locomotion_core/build install --record /home/vboxuser/rover_ws_ri/build/locomotion_core/install.log --single-version-externally-managed
[1.465s] running egg_info
[1.465s] writing ../../build/locomotion_core/locomotion_core.egg-info/PKG-INFO
[1.477s] writing dependency_links to ../../build/locomotion_core/locomotion_core.egg-info/dependency_links.txt
[1.477s] writing entry points to ../../build/locomotion_core/locomotion_core.egg-info/entry_points.txt
[1.477s] writing requirements to ../../build/locomotion_core/locomotion_core.egg-info/requires.txt
[1.477s] writing top-level names to ../../build/locomotion_core/locomotion_core.egg-info/top_level.txt
[1.510s] reading manifest file '../../build/locomotion_core/locomotion_core.egg-info/SOURCES.txt'
[1.512s] writing manifest file '../../build/locomotion_core/locomotion_core.egg-info/SOURCES.txt'
[1.512s] running build
[1.512s] running build_py
[1.515s] running install
[1.515s] running install_lib
[1.517s] running install_data
[1.519s] running install_egg_info
[1.525s] removing '/home/vboxuser/rover_ws_ri/install/locomotion_core/lib/python3.10/site-packages/locomotion_core-0.0.0-py3.10.egg-info' (and everything under it)
[1.525s] Copying ../../build/locomotion_core/locomotion_core.egg-info to /home/vboxuser/rover_ws_ri/install/locomotion_core/lib/python3.10/site-packages/locomotion_core-0.0.0-py3.10.egg-info
[1.527s] running install_scripts
[1.561s] Installing driver script to /home/vboxuser/rover_ws_ri/install/locomotion_core/lib/locomotion_core
[1.562s] Installing du_commander script to /home/vboxuser/rover_ws_ri/install/locomotion_core/lib/locomotion_core
[1.562s] writing list of installed files to '/home/vboxuser/rover_ws_ri/build/locomotion_core/install.log'
[1.611s] Invoked command in '/home/vboxuser/rover_ws_ri/src/locomotion_core' returned '0': PYTHONPATH=/home/vboxuser/rover_ws_ri/build/locomotion_core/prefix_override:/home/vboxuser/rover_ws_ri/install/locomotion_core/lib/python3.10/site-packages:${PYTHONPATH} /usr/bin/python3 setup.py egg_info --egg-base ../../build/locomotion_core build --build-base /home/vboxuser/rover_ws_ri/build/locomotion_core/build install --record /home/vboxuser/rover_ws_ri/build/locomotion_core/install.log --single-version-externally-managed
