[0.491s] Invoking command in '/home/vboxuser/rover_ws_ri/build/robot_startup': CMAKE_PREFIX_PATH=${CMAKE_PREFIX_PATH}:/home/vboxuser/rover_ws_ri/install/my_robot_ctrl:/home/vboxuser/rover_ws_ri/install/locomotion_core:/opt/ros/humble /usr/bin/cmake --build /home/vboxuser/rover_ws_ri/build/robot_startup -- -j6 -l6
[0.551s] Invoked command in '/home/vboxuser/rover_ws_ri/build/robot_startup' returned '0': CMAKE_PREFIX_PATH=${CMAKE_PREFIX_PATH}:/home/vboxuser/rover_ws_ri/install/my_robot_ctrl:/home/vboxuser/rover_ws_ri/install/locomotion_core:/opt/ros/humble /usr/bin/cmake --build /home/vboxuser/rover_ws_ri/build/robot_startup -- -j6 -l6
[0.624s] Invoking command in '/home/vboxuser/rover_ws_ri/build/robot_startup': CMAKE_PREFIX_PATH=${CMAKE_PREFIX_PATH}:/home/vboxuser/rover_ws_ri/install/my_robot_ctrl:/home/vboxuser/rover_ws_ri/install/locomotion_core:/opt/ros/humble /usr/bin/cmake --install /home/vboxuser/rover_ws_ri/build/robot_startup
[0.647s] -- Install configuration: ""
[0.649s] -- Up-to-date: /home/vboxuser/rover_ws_ri/install/robot_startup/share/robot_startup/launch
[0.650s] -- Up-to-date: /home/vboxuser/rover_ws_ri/install/robot_startup/share/robot_startup/launch/rover.launch.py
[0.651s] -- Up-to-date: /home/vboxuser/rover_ws_ri/install/robot_startup/share/ament_index/resource_index/package_run_dependencies/robot_startup
[0.651s] -- Up-to-date: /home/vboxuser/rover_ws_ri/install/robot_startup/share/ament_index/resource_index/parent_prefix_path/robot_startup
[0.651s] -- Up-to-date: /home/vboxuser/rover_ws_ri/install/robot_startup/share/robot_startup/environment/ament_prefix_path.sh
[0.652s] -- Up-to-date: /home/vboxuser/rover_ws_ri/install/robot_startup/share/robot_startup/environment/ament_prefix_path.dsv
[0.652s] -- Up-to-date: /home/vboxuser/rover_ws_ri/install/robot_startup/share/robot_startup/environment/path.sh
[0.653s] -- Up-to-date: /home/vboxuser/rover_ws_ri/install/robot_startup/share/robot_startup/environment/path.dsv
[0.653s] -- Up-to-date: /home/vboxuser/rover_ws_ri/install/robot_startup/share/robot_startup/local_setup.bash
[0.653s] -- Up-to-date: /home/vboxuser/rover_ws_ri/install/robot_startup/share/robot_startup/local_setup.sh
[0.653s] -- Up-to-date: /home/vboxuser/rover_ws_ri/install/robot_startup/share/robot_startup/local_setup.zsh
[0.653s] -- Up-to-date: /home/vboxuser/rover_ws_ri/install/robot_startup/share/robot_startup/local_setup.dsv
[0.654s] -- Installing: /home/vboxuser/rover_ws_ri/install/robot_startup/share/robot_startup/package.dsv
[0.654s] -- Up-to-date: /home/vboxuser/rover_ws_ri/install/robot_startup/share/ament_index/resource_index/packages/robot_startup
[0.654s] -- Up-to-date: /home/vboxuser/rover_ws_ri/install/robot_startup/share/robot_startup/cmake/robot_startupConfig.cmake
[0.654s] -- Up-to-date: /home/vboxuser/rover_ws_ri/install/robot_startup/share/robot_startup/cmake/robot_startupConfig-version.cmake
[0.655s] -- Up-to-date: /home/vboxuser/rover_ws_ri/install/robot_startup/share/robot_startup/package.xml
[0.658s] Invoked command in '/home/vboxuser/rover_ws_ri/build/robot_startup' returned '0': CMAKE_PREFIX_PATH=${CMAKE_PREFIX_PATH}:/home/vboxuser/rover_ws_ri/install/my_robot_ctrl:/home/vboxuser/rover_ws_ri/install/locomotion_core:/opt/ros/humble /usr/bin/cmake --install /home/vboxuser/rover_ws_ri/build/robot_startup
