[0.478s] Invoking command in '/home/vboxuser/rsl_ros2_ws/build/robot_startup': CMAKE_PREFIX_PATH=/opt/ros/humble /usr/bin/cmake /home/vboxuser/rsl_ros2_ws/src/robot_startup -DCMAKE_INSTALL_PREFIX=/home/vboxuser/rsl_ros2_ws/install/robot_startup
[0.682s] -- The C compiler identification is GNU 11.3.0
[0.818s] -- The CXX compiler identification is GNU 11.3.0
[0.831s] -- Detecting C compiler ABI info
[0.913s] -- Detecting C compiler ABI info - done
[0.921s] -- Check for working C compiler: /usr/bin/cc - skipped
[0.922s] -- Detecting C compile features
[0.923s] -- Detecting C compile features - done
[0.930s] -- Detecting CXX compiler ABI info
[1.036s] -- Detecting CXX compiler ABI info - done
[1.046s] -- Check for working CXX compiler: /usr/bin/c++ - skipped
[1.046s] -- Detecting CXX compile features
[1.047s] -- Detecting CXX compile features - done
[1.057s] -- Found ament_cmake: 1.3.3 (/opt/ros/humble/share/ament_cmake/cmake)
[1.268s] -- Found Python3: /usr/bin/python3.10 (found version "3.10.6") found components: Interpreter 
[1.449s] -- Found ament_lint_auto: 0.12.5 (/opt/ros/humble/share/ament_lint_auto/cmake)
[1.610s] -- Added test 'flake8' to check Python code syntax and style conventions
[1.614s] -- Added test 'lint_cmake' to check CMake code style
[1.616s] -- Added test 'pep257' to check Python code against some of the docstring style conventions in PEP 257
[1.619s] -- Added test 'xmllint' to check XML markup files
[1.622s] -- Configuring done
[1.625s] -- Generating done
[1.626s] -- Build files have been written to: /home/vboxuser/rsl_ros2_ws/build/robot_startup
[1.631s] Invoked command in '/home/vboxuser/rsl_ros2_ws/build/robot_startup' returned '0': CMAKE_PREFIX_PATH=/opt/ros/humble /usr/bin/cmake /home/vboxuser/rsl_ros2_ws/src/robot_startup -DCMAKE_INSTALL_PREFIX=/home/vboxuser/rsl_ros2_ws/install/robot_startup
[1.634s] Invoking command in '/home/vboxuser/rsl_ros2_ws/build/robot_startup': CMAKE_PREFIX_PATH=/opt/ros/humble /usr/bin/cmake --build /home/vboxuser/rsl_ros2_ws/build/robot_startup -- -j6 -l6
[1.677s] Invoked command in '/home/vboxuser/rsl_ros2_ws/build/robot_startup' returned '0': CMAKE_PREFIX_PATH=/opt/ros/humble /usr/bin/cmake --build /home/vboxuser/rsl_ros2_ws/build/robot_startup -- -j6 -l6
[1.704s] Invoking command in '/home/vboxuser/rsl_ros2_ws/build/robot_startup': CMAKE_PREFIX_PATH=/opt/ros/humble /usr/bin/cmake --install /home/vboxuser/rsl_ros2_ws/build/robot_startup
[1.710s] -- Install configuration: ""
[1.711s] -- Installing: /home/vboxuser/rsl_ros2_ws/install/robot_startup/share/robot_startup/launch
[1.711s] -- Installing: /home/vboxuser/rsl_ros2_ws/install/robot_startup/share/robot_startup/launch/rover.launch.py
[1.711s] -- Installing: /home/vboxuser/rsl_ros2_ws/install/robot_startup/share/ament_index/resource_index/package_run_dependencies/robot_startup
[1.711s] -- Installing: /home/vboxuser/rsl_ros2_ws/install/robot_startup/share/ament_index/resource_index/parent_prefix_path/robot_startup
[1.711s] -- Installing: /home/vboxuser/rsl_ros2_ws/install/robot_startup/share/robot_startup/environment/ament_prefix_path.sh
[1.711s] -- Installing: /home/vboxuser/rsl_ros2_ws/install/robot_startup/share/robot_startup/environment/ament_prefix_path.dsv
[1.711s] -- Installing: /home/vboxuser/rsl_ros2_ws/install/robot_startup/share/robot_startup/environment/path.sh
[1.716s] -- Installing: /home/vboxuser/rsl_ros2_ws/install/robot_startup/share/robot_startup/environment/path.dsv
[1.716s] -- Installing: /home/vboxuser/rsl_ros2_ws/install/robot_startup/share/robot_startup/local_setup.bash
[1.716s] -- Installing: /home/vboxuser/rsl_ros2_ws/install/robot_startup/share/robot_startup/local_setup.sh
[1.716s] -- Installing: /home/vboxuser/rsl_ros2_ws/install/robot_startup/share/robot_startup/local_setup.zsh
[1.716s] -- Installing: /home/vboxuser/rsl_ros2_ws/install/robot_startup/share/robot_startup/local_setup.dsv
[1.716s] -- Installing: /home/vboxuser/rsl_ros2_ws/install/robot_startup/share/robot_startup/package.dsv
[1.716s] -- Installing: /home/vboxuser/rsl_ros2_ws/install/robot_startup/share/ament_index/resource_index/packages/robot_startup
[1.717s] -- Installing: /home/vboxuser/rsl_ros2_ws/install/robot_startup/share/robot_startup/cmake/robot_startupConfig.cmake
[1.717s] -- Installing: /home/vboxuser/rsl_ros2_ws/install/robot_startup/share/robot_startup/cmake/robot_startupConfig-version.cmake
[1.717s] -- Installing: /home/vboxuser/rsl_ros2_ws/install/robot_startup/share/robot_startup/package.xml
[1.720s] Invoked command in '/home/vboxuser/rsl_ros2_ws/build/robot_startup' returned '0': CMAKE_PREFIX_PATH=/opt/ros/humble /usr/bin/cmake --install /home/vboxuser/rsl_ros2_ws/build/robot_startup
