[0.406s] Invoking command in '/home/vboxuser/rover_ws_ri/build/robot_startup': CMAKE_PREFIX_PATH=/opt/ros/humble /usr/bin/cmake /home/vboxuser/rover_ws_ri/src/robot_startup -DCMAKE_INSTALL_PREFIX=/home/vboxuser/rover_ws_ri/install/robot_startup
[0.707s] -- The C compiler identification is GNU 11.3.0
[0.880s] -- The CXX compiler identification is GNU 11.3.0
[0.889s] -- Detecting C compiler ABI info
[0.990s] -- Detecting C compiler ABI info - done
[0.999s] -- Check for working C compiler: /usr/bin/cc - skipped
[1.000s] -- Detecting C compile features
[1.000s] -- Detecting C compile features - done
[1.004s] -- Detecting CXX compiler ABI info
[1.121s] -- Detecting CXX compiler ABI info - done
[1.134s] -- Check for working CXX compiler: /usr/bin/c++ - skipped
[1.135s] -- Detecting CXX compile features
[1.135s] -- Detecting CXX compile features - done
[1.139s] -- Found ament_cmake: 1.3.3 (/opt/ros/humble/share/ament_cmake/cmake)
[1.385s] -- Found Python3: /usr/bin/python3.10 (found version "3.10.6") found components: Interpreter 
[1.496s] -- Found ament_lint_auto: 0.12.5 (/opt/ros/humble/share/ament_lint_auto/cmake)
[1.635s] -- Added test 'flake8' to check Python code syntax and style conventions
[1.636s] -- Added test 'lint_cmake' to check CMake code style
[1.637s] -- Added test 'pep257' to check Python code against some of the docstring style conventions in PEP 257
[1.639s] -- Added test 'xmllint' to check XML markup files
[1.641s] -- Configuring done
[1.644s] -- Generating done
[1.645s] -- Build files have been written to: /home/vboxuser/rover_ws_ri/build/robot_startup
[1.655s] Invoked command in '/home/vboxuser/rover_ws_ri/build/robot_startup' returned '0': CMAKE_PREFIX_PATH=/opt/ros/humble /usr/bin/cmake /home/vboxuser/rover_ws_ri/src/robot_startup -DCMAKE_INSTALL_PREFIX=/home/vboxuser/rover_ws_ri/install/robot_startup
[1.656s] Invoking command in '/home/vboxuser/rover_ws_ri/build/robot_startup': CMAKE_PREFIX_PATH=/opt/ros/humble /usr/bin/cmake --build /home/vboxuser/rover_ws_ri/build/robot_startup -- -j6 -l6
[1.748s] Invoked command in '/home/vboxuser/rover_ws_ri/build/robot_startup' returned '0': CMAKE_PREFIX_PATH=/opt/ros/humble /usr/bin/cmake --build /home/vboxuser/rover_ws_ri/build/robot_startup -- -j6 -l6
[1.790s] Invoking command in '/home/vboxuser/rover_ws_ri/build/robot_startup': CMAKE_PREFIX_PATH=/opt/ros/humble /usr/bin/cmake --install /home/vboxuser/rover_ws_ri/build/robot_startup
[1.795s] -- Install configuration: ""
[1.795s] -- Installing: /home/vboxuser/rover_ws_ri/install/robot_startup/share/robot_startup/launch
[1.795s] -- Installing: /home/vboxuser/rover_ws_ri/install/robot_startup/share/robot_startup/launch/rover.launch.py
[1.795s] -- Installing: /home/vboxuser/rover_ws_ri/install/robot_startup/share/ament_index/resource_index/package_run_dependencies/robot_startup
[1.796s] -- Installing: /home/vboxuser/rover_ws_ri/install/robot_startup/share/ament_index/resource_index/parent_prefix_path/robot_startup
[1.796s] -- Installing: /home/vboxuser/rover_ws_ri/install/robot_startup/share/robot_startup/environment/ament_prefix_path.sh
[1.796s] -- Installing: /home/vboxuser/rover_ws_ri/install/robot_startup/share/robot_startup/environment/ament_prefix_path.dsv
[1.796s] -- Installing: /home/vboxuser/rover_ws_ri/install/robot_startup/share/robot_startup/environment/path.sh
[1.796s] -- Installing: /home/vboxuser/rover_ws_ri/install/robot_startup/share/robot_startup/environment/path.dsv
[1.796s] -- Installing: /home/vboxuser/rover_ws_ri/install/robot_startup/share/robot_startup/local_setup.bash
[1.796s] -- Installing: /home/vboxuser/rover_ws_ri/install/robot_startup/share/robot_startup/local_setup.sh
[1.797s] -- Installing: /home/vboxuser/rover_ws_ri/install/robot_startup/share/robot_startup/local_setup.zsh
[1.797s] -- Installing: /home/vboxuser/rover_ws_ri/install/robot_startup/share/robot_startup/local_setup.dsv
[1.797s] -- Installing: /home/vboxuser/rover_ws_ri/install/robot_startup/share/robot_startup/package.dsv
[1.797s] -- Installing: /home/vboxuser/rover_ws_ri/install/robot_startup/share/ament_index/resource_index/packages/robot_startup
[1.798s] -- Installing: /home/vboxuser/rover_ws_ri/install/robot_startup/share/robot_startup/cmake/robot_startupConfig.cmake
[1.798s] -- Installing: /home/vboxuser/rover_ws_ri/install/robot_startup/share/robot_startup/cmake/robot_startupConfig-version.cmake
[1.798s] -- Installing: /home/vboxuser/rover_ws_ri/install/robot_startup/share/robot_startup/package.xml
[1.802s] Invoked command in '/home/vboxuser/rover_ws_ri/build/robot_startup' returned '0': CMAKE_PREFIX_PATH=/opt/ros/humble /usr/bin/cmake --install /home/vboxuser/rover_ws_ri/build/robot_startup
