[1.207s] Invoking command in '/home/vboxuser/rover_ws_ri/src/locomotion_core': PYTHONPATH=/home/vboxuser/rover_ws_ri/build/locomotion_core/prefix_override:/home/vboxuser/rover_ws_ri/install/locomotion_core/lib/python3.10/site-packages:${PYTHONPATH} /usr/bin/python3 setup.py egg_info --egg-base ../../build/locomotion_core build --build-base /home/vboxuser/rover_ws_ri/build/locomotion_core/build install --record /home/vboxuser/rover_ws_ri/build/locomotion_core/install.log --single-version-externally-managed
[1.587s] running egg_info
[1.588s] creating ../../build/locomotion_core/locomotion_core.egg-info
[1.588s] writing ../../build/locomotion_core/locomotion_core.egg-info/PKG-INFO
[1.590s] writing dependency_links to ../../build/locomotion_core/locomotion_core.egg-info/dependency_links.txt
[1.590s] writing entry points to ../../build/locomotion_core/locomotion_core.egg-info/entry_points.txt
[1.590s] writing requirements to ../../build/locomotion_core/locomotion_core.egg-info/requires.txt
[1.590s] writing top-level names to ../../build/locomotion_core/locomotion_core.egg-info/top_level.txt
[1.590s] writing manifest file '../../build/locomotion_core/locomotion_core.egg-info/SOURCES.txt'
[1.594s] reading manifest file '../../build/locomotion_core/locomotion_core.egg-info/SOURCES.txt'
[1.604s] writing manifest file '../../build/locomotion_core/locomotion_core.egg-info/SOURCES.txt'
[1.604s] running build
[1.605s] running build_py
[1.605s] creating /home/vboxuser/rover_ws_ri/build/locomotion_core/build
[1.605s] creating /home/vboxuser/rover_ws_ri/build/locomotion_core/build/lib
[1.606s] creating /home/vboxuser/rover_ws_ri/build/locomotion_core/build/lib/locomotion_core
[1.606s] copying locomotion_core/movebase_kinematics.py -> /home/vboxuser/rover_ws_ri/build/locomotion_core/build/lib/locomotion_core
[1.606s] copying locomotion_core/cmd_roboteq2.py -> /home/vboxuser/rover_ws_ri/build/locomotion_core/build/lib/locomotion_core
[1.606s] copying locomotion_core/rover_enable.py -> /home/vboxuser/rover_ws_ri/build/locomotion_core/build/lib/locomotion_core
[1.606s] copying locomotion_core/cmd_roboteq.py -> /home/vboxuser/rover_ws_ri/build/locomotion_core/build/lib/locomotion_core
[1.607s] copying locomotion_core/__init__.py -> /home/vboxuser/rover_ws_ri/build/locomotion_core/build/lib/locomotion_core
[1.607s] copying locomotion_core/rover_state_controller.py -> /home/vboxuser/rover_ws_ri/build/locomotion_core/build/lib/locomotion_core
[1.607s] running install
[1.608s] running install_lib
[1.608s] creating /home/vboxuser/rover_ws_ri/install/locomotion_core/lib/python3.10/site-packages/locomotion_core
[1.608s] copying /home/vboxuser/rover_ws_ri/build/locomotion_core/build/lib/locomotion_core/movebase_kinematics.py -> /home/vboxuser/rover_ws_ri/install/locomotion_core/lib/python3.10/site-packages/locomotion_core
[1.608s] copying /home/vboxuser/rover_ws_ri/build/locomotion_core/build/lib/locomotion_core/cmd_roboteq2.py -> /home/vboxuser/rover_ws_ri/install/locomotion_core/lib/python3.10/site-packages/locomotion_core
[1.609s] copying /home/vboxuser/rover_ws_ri/build/locomotion_core/build/lib/locomotion_core/rover_enable.py -> /home/vboxuser/rover_ws_ri/install/locomotion_core/lib/python3.10/site-packages/locomotion_core
[1.609s] copying /home/vboxuser/rover_ws_ri/build/locomotion_core/build/lib/locomotion_core/cmd_roboteq.py -> /home/vboxuser/rover_ws_ri/install/locomotion_core/lib/python3.10/site-packages/locomotion_core
[1.609s] copying /home/vboxuser/rover_ws_ri/build/locomotion_core/build/lib/locomotion_core/__init__.py -> /home/vboxuser/rover_ws_ri/install/locomotion_core/lib/python3.10/site-packages/locomotion_core
[1.611s] copying /home/vboxuser/rover_ws_ri/build/locomotion_core/build/lib/locomotion_core/rover_state_controller.py -> /home/vboxuser/rover_ws_ri/install/locomotion_core/lib/python3.10/site-packages/locomotion_core
[1.611s] byte-compiling /home/vboxuser/rover_ws_ri/install/locomotion_core/lib/python3.10/site-packages/locomotion_core/movebase_kinematics.py to movebase_kinematics.cpython-310.pyc
[1.611s] byte-compiling /home/vboxuser/rover_ws_ri/install/locomotion_core/lib/python3.10/site-packages/locomotion_core/cmd_roboteq2.py to cmd_roboteq2.cpython-310.pyc
[1.613s] byte-compiling /home/vboxuser/rover_ws_ri/install/locomotion_core/lib/python3.10/site-packages/locomotion_core/rover_enable.py to rover_enable.cpython-310.pyc
[1.614s] byte-compiling /home/vboxuser/rover_ws_ri/install/locomotion_core/lib/python3.10/site-packages/locomotion_core/cmd_roboteq.py to cmd_roboteq.cpython-310.pyc
[1.614s] byte-compiling /home/vboxuser/rover_ws_ri/install/locomotion_core/lib/python3.10/site-packages/locomotion_core/__init__.py to __init__.cpython-310.pyc
[1.614s] byte-compiling /home/vboxuser/rover_ws_ri/install/locomotion_core/lib/python3.10/site-packages/locomotion_core/rover_state_controller.py to rover_state_controller.cpython-310.pyc
[1.614s] running install_data
[1.614s] creating /home/vboxuser/rover_ws_ri/install/locomotion_core/share/ament_index
[1.614s] creating /home/vboxuser/rover_ws_ri/install/locomotion_core/share/ament_index/resource_index
[1.614s] creating /home/vboxuser/rover_ws_ri/install/locomotion_core/share/ament_index/resource_index/packages
[1.615s] copying resource/locomotion_core -> /home/vboxuser/rover_ws_ri/install/locomotion_core/share/ament_index/resource_index/packages
[1.615s] copying package.xml -> /home/vboxuser/rover_ws_ri/install/locomotion_core/share/locomotion_core
[1.615s] running install_egg_info
[1.615s] Copying ../../build/locomotion_core/locomotion_core.egg-info to /home/vboxuser/rover_ws_ri/install/locomotion_core/lib/python3.10/site-packages/locomotion_core-0.0.0-py3.10.egg-info
[1.619s] running install_scripts
[1.639s] Installing cmd_roboteq script to /home/vboxuser/rover_ws_ri/install/locomotion_core/lib/locomotion_core
[1.640s] Installing cmd_roboteq2 script to /home/vboxuser/rover_ws_ri/install/locomotion_core/lib/locomotion_core
[1.640s] Installing movebase_kinematics script to /home/vboxuser/rover_ws_ri/install/locomotion_core/lib/locomotion_core
[1.640s] Installing rover_enable script to /home/vboxuser/rover_ws_ri/install/locomotion_core/lib/locomotion_core
[1.640s] Installing rover_state_controller script to /home/vboxuser/rover_ws_ri/install/locomotion_core/lib/locomotion_core
[1.640s] writing list of installed files to '/home/vboxuser/rover_ws_ri/build/locomotion_core/install.log'
[1.714s] Invoked command in '/home/vboxuser/rover_ws_ri/src/locomotion_core' returned '0': PYTHONPATH=/home/vboxuser/rover_ws_ri/build/locomotion_core/prefix_override:/home/vboxuser/rover_ws_ri/install/locomotion_core/lib/python3.10/site-packages:${PYTHONPATH} /usr/bin/python3 setup.py egg_info --egg-base ../../build/locomotion_core build --build-base /home/vboxuser/rover_ws_ri/build/locomotion_core/build install --record /home/vboxuser/rover_ws_ri/build/locomotion_core/install.log --single-version-externally-managed
