[1.233s] Invoking command in '/home/vboxuser/rover_ws_ri/src/locomotion_core': PYTHONPATH=/home/vboxuser/rover_ws_ri/build/locomotion_core/prefix_override:/home/vboxuser/rover_ws_ri/install/locomotion_core/lib/python3.10/site-packages:${PYTHONPATH} /usr/bin/python3 setup.py egg_info --egg-base ../../build/locomotion_core build --build-base /home/vboxuser/rover_ws_ri/build/locomotion_core/build install --record /home/vboxuser/rover_ws_ri/build/locomotion_core/install.log --single-version-externally-managed
[1.534s] running egg_info
[1.535s] writing ../../build/locomotion_core/locomotion_core.egg-info/PKG-INFO
[1.535s] writing dependency_links to ../../build/locomotion_core/locomotion_core.egg-info/dependency_links.txt
[1.536s] writing entry points to ../../build/locomotion_core/locomotion_core.egg-info/entry_points.txt
[1.536s] writing requirements to ../../build/locomotion_core/locomotion_core.egg-info/requires.txt
[1.536s] writing top-level names to ../../build/locomotion_core/locomotion_core.egg-info/top_level.txt
[1.538s] reading manifest file '../../build/locomotion_core/locomotion_core.egg-info/SOURCES.txt'
[1.539s] writing manifest file '../../build/locomotion_core/locomotion_core.egg-info/SOURCES.txt'
[1.539s] running build
[1.539s] running build_py
[1.540s] copying locomotion_core/rover_state_controller.py -> /home/vboxuser/rover_ws_ri/build/locomotion_core/build/lib/locomotion_core
[1.540s] running install
[1.540s] running install_lib
[1.541s] copying /home/vboxuser/rover_ws_ri/build/locomotion_core/build/lib/locomotion_core/rover_state_controller.py -> /home/vboxuser/rover_ws_ri/install/locomotion_core/lib/python3.10/site-packages/locomotion_core
[1.541s] byte-compiling /home/vboxuser/rover_ws_ri/install/locomotion_core/lib/python3.10/site-packages/locomotion_core/rover_state_controller.py to rover_state_controller.cpython-310.pyc
[1.543s] running install_data
[1.543s] running install_egg_info
[1.545s] removing '/home/vboxuser/rover_ws_ri/install/locomotion_core/lib/python3.10/site-packages/locomotion_core-0.0.0-py3.10.egg-info' (and everything under it)
[1.545s] Copying ../../build/locomotion_core/locomotion_core.egg-info to /home/vboxuser/rover_ws_ri/install/locomotion_core/lib/python3.10/site-packages/locomotion_core-0.0.0-py3.10.egg-info
[1.546s] running install_scripts
[1.569s] Installing cmd_roboteq script to /home/vboxuser/rover_ws_ri/install/locomotion_core/lib/locomotion_core
[1.571s] Installing cmd_roboteq2 script to /home/vboxuser/rover_ws_ri/install/locomotion_core/lib/locomotion_core
[1.571s] Installing drive_selector script to /home/vboxuser/rover_ws_ri/install/locomotion_core/lib/locomotion_core
[1.571s] Installing du_enable script to /home/vboxuser/rover_ws_ri/install/locomotion_core/lib/locomotion_core
[1.571s] Installing movebase_kinematics script to /home/vboxuser/rover_ws_ri/install/locomotion_core/lib/locomotion_core
[1.571s] Installing rover_state_controller script to /home/vboxuser/rover_ws_ri/install/locomotion_core/lib/locomotion_core
[1.571s] writing list of installed files to '/home/vboxuser/rover_ws_ri/build/locomotion_core/install.log'
[1.615s] Invoked command in '/home/vboxuser/rover_ws_ri/src/locomotion_core' returned '0': PYTHONPATH=/home/vboxuser/rover_ws_ri/build/locomotion_core/prefix_override:/home/vboxuser/rover_ws_ri/install/locomotion_core/lib/python3.10/site-packages:${PYTHONPATH} /usr/bin/python3 setup.py egg_info --egg-base ../../build/locomotion_core build --build-base /home/vboxuser/rover_ws_ri/build/locomotion_core/build install --record /home/vboxuser/rover_ws_ri/build/locomotion_core/install.log --single-version-externally-managed
