[1.062s] Invoking command in '/home/vboxuser/rover_ws_ri/src/locomotion_core': PYTHONPATH=/home/vboxuser/rover_ws_ri/build/locomotion_core/prefix_override:/home/vboxuser/rover_ws_ri/install/locomotion_core/lib/python3.10/site-packages:${PYTHONPATH} /usr/bin/python3 setup.py egg_info --egg-base ../../build/locomotion_core build --build-base /home/vboxuser/rover_ws_ri/build/locomotion_core/build install --record /home/vboxuser/rover_ws_ri/build/locomotion_core/install.log --single-version-externally-managed
[1.352s] running egg_info
[1.353s] writing ../../build/locomotion_core/locomotion_core.egg-info/PKG-INFO
[1.354s] writing dependency_links to ../../build/locomotion_core/locomotion_core.egg-info/dependency_links.txt
[1.354s] writing entry points to ../../build/locomotion_core/locomotion_core.egg-info/entry_points.txt
[1.354s] writing requirements to ../../build/locomotion_core/locomotion_core.egg-info/requires.txt
[1.354s] writing top-level names to ../../build/locomotion_core/locomotion_core.egg-info/top_level.txt
[1.356s] reading manifest file '../../build/locomotion_core/locomotion_core.egg-info/SOURCES.txt'
[1.357s] writing manifest file '../../build/locomotion_core/locomotion_core.egg-info/SOURCES.txt'
[1.358s] running build
[1.358s] running build_py
[1.358s] copying locomotion_core/cmd_roboteq2.py -> /home/vboxuser/rover_ws_ri/build/locomotion_core/build/lib/locomotion_core
[1.358s] copying locomotion_core/cmd_roboteq.py -> /home/vboxuser/rover_ws_ri/build/locomotion_core/build/lib/locomotion_core
[1.358s] running install
[1.359s] running install_lib
[1.359s] copying /home/vboxuser/rover_ws_ri/build/locomotion_core/build/lib/locomotion_core/cmd_roboteq2.py -> /home/vboxuser/rover_ws_ri/install/locomotion_core/lib/python3.10/site-packages/locomotion_core
[1.360s] copying /home/vboxuser/rover_ws_ri/build/locomotion_core/build/lib/locomotion_core/cmd_roboteq.py -> /home/vboxuser/rover_ws_ri/install/locomotion_core/lib/python3.10/site-packages/locomotion_core
[1.360s] byte-compiling /home/vboxuser/rover_ws_ri/install/locomotion_core/lib/python3.10/site-packages/locomotion_core/cmd_roboteq2.py to cmd_roboteq2.cpython-310.pyc
[1.360s] byte-compiling /home/vboxuser/rover_ws_ri/install/locomotion_core/lib/python3.10/site-packages/locomotion_core/cmd_roboteq.py to cmd_roboteq.cpython-310.pyc
[1.361s] running install_data
[1.361s] running install_egg_info
[1.363s] removing '/home/vboxuser/rover_ws_ri/install/locomotion_core/lib/python3.10/site-packages/locomotion_core-0.0.0-py3.10.egg-info' (and everything under it)
[1.363s] Copying ../../build/locomotion_core/locomotion_core.egg-info to /home/vboxuser/rover_ws_ri/install/locomotion_core/lib/python3.10/site-packages/locomotion_core-0.0.0-py3.10.egg-info
[1.364s] running install_scripts
[1.385s] Installing cmd_roboteq script to /home/vboxuser/rover_ws_ri/install/locomotion_core/lib/locomotion_core
[1.386s] Installing cmd_roboteq2 script to /home/vboxuser/rover_ws_ri/install/locomotion_core/lib/locomotion_core
[1.386s] Installing drive_selector script to /home/vboxuser/rover_ws_ri/install/locomotion_core/lib/locomotion_core
[1.386s] Installing du_enable script to /home/vboxuser/rover_ws_ri/install/locomotion_core/lib/locomotion_core
[1.386s] Installing movebase_kinematics script to /home/vboxuser/rover_ws_ri/install/locomotion_core/lib/locomotion_core
[1.387s] Installing rover_state_controller script to /home/vboxuser/rover_ws_ri/install/locomotion_core/lib/locomotion_core
[1.387s] writing list of installed files to '/home/vboxuser/rover_ws_ri/build/locomotion_core/install.log'
[1.418s] Invoked command in '/home/vboxuser/rover_ws_ri/src/locomotion_core' returned '0': PYTHONPATH=/home/vboxuser/rover_ws_ri/build/locomotion_core/prefix_override:/home/vboxuser/rover_ws_ri/install/locomotion_core/lib/python3.10/site-packages:${PYTHONPATH} /usr/bin/python3 setup.py egg_info --egg-base ../../build/locomotion_core build --build-base /home/vboxuser/rover_ws_ri/build/locomotion_core/build install --record /home/vboxuser/rover_ws_ri/build/locomotion_core/install.log --single-version-externally-managed
