/home/vboxuser/rover_ws_ri/install/locomotion_core/lib/python3.10/site-packages/locomotion_core/movebase_kinematics.py
/home/vboxuser/rover_ws_ri/install/locomotion_core/lib/python3.10/site-packages/locomotion_core/cmd_roboteq2.py
/home/vboxuser/rover_ws_ri/install/locomotion_core/lib/python3.10/site-packages/locomotion_core/rover_enable.py
/home/vboxuser/rover_ws_ri/install/locomotion_core/lib/python3.10/site-packages/locomotion_core/cmd_roboteq.py
/home/vboxuser/rover_ws_ri/install/locomotion_core/lib/python3.10/site-packages/locomotion_core/__init__.py
/home/vboxuser/rover_ws_ri/install/locomotion_core/lib/python3.10/site-packages/locomotion_core/rover_state_controller.py
/home/vboxuser/rover_ws_ri/install/locomotion_core/lib/python3.10/site-packages/locomotion_core/__pycache__/movebase_kinematics.cpython-310.pyc
/home/vboxuser/rover_ws_ri/install/locomotion_core/lib/python3.10/site-packages/locomotion_core/__pycache__/cmd_roboteq2.cpython-310.pyc
/home/vboxuser/rover_ws_ri/install/locomotion_core/lib/python3.10/site-packages/locomotion_core/__pycache__/rover_enable.cpython-310.pyc
/home/vboxuser/rover_ws_ri/install/locomotion_core/lib/python3.10/site-packages/locomotion_core/__pycache__/cmd_roboteq.cpython-310.pyc
/home/vboxuser/rover_ws_ri/install/locomotion_core/lib/python3.10/site-packages/locomotion_core/__pycache__/__init__.cpython-310.pyc
/home/vboxuser/rover_ws_ri/install/locomotion_core/lib/python3.10/site-packages/locomotion_core/__pycache__/rover_state_controller.cpython-310.pyc
/home/vboxuser/rover_ws_ri/install/locomotion_core/share/ament_index/resource_index/packages/locomotion_core
/home/vboxuser/rover_ws_ri/install/locomotion_core/share/locomotion_core/package.xml
/home/vboxuser/rover_ws_ri/install/locomotion_core/lib/python3.10/site-packages/locomotion_core-0.0.0-py3.10.egg-info/dependency_links.txt
/home/vboxuser/rover_ws_ri/install/locomotion_core/lib/python3.10/site-packages/locomotion_core-0.0.0-py3.10.egg-info/requires.txt
/home/vboxuser/rover_ws_ri/install/locomotion_core/lib/python3.10/site-packages/locomotion_core-0.0.0-py3.10.egg-info/entry_points.txt
/home/vboxuser/rover_ws_ri/install/locomotion_core/lib/python3.10/site-packages/locomotion_core-0.0.0-py3.10.egg-info/PKG-INFO
/home/vboxuser/rover_ws_ri/install/locomotion_core/lib/python3.10/site-packages/locomotion_core-0.0.0-py3.10.egg-info/top_level.txt
/home/vboxuser/rover_ws_ri/install/locomotion_core/lib/python3.10/site-packages/locomotion_core-0.0.0-py3.10.egg-info/zip-safe
/home/vboxuser/rover_ws_ri/install/locomotion_core/lib/python3.10/site-packages/locomotion_core-0.0.0-py3.10.egg-info/SOURCES.txt
/home/vboxuser/rover_ws_ri/install/locomotion_core/lib/locomotion_core/cmd_roboteq
/home/vboxuser/rover_ws_ri/install/locomotion_core/lib/locomotion_core/cmd_roboteq2
/home/vboxuser/rover_ws_ri/install/locomotion_core/lib/locomotion_core/movebase_kinematics
/home/vboxuser/rover_ws_ri/install/locomotion_core/lib/locomotion_core/rover_enable
/home/vboxuser/rover_ws_ri/install/locomotion_core/lib/locomotion_core/rover_state_controller
