[0.010s] Invoking command in '/home/vboxuser/rover_ws_ri/build/robot_start': AMENT_PREFIX_PATH=/home/vboxuser/rover_ws_ri/install/my_robot_ctrl:${AMENT_PREFIX_PATH} CMAKE_PREFIX_PATH=/opt/ros/humble PYTHONPATH=/home/vboxuser/rover_ws_ri/install/my_robot_ctrl/lib/python3.10/site-packages:${PYTHONPATH} /usr/bin/cmake --build /home/vboxuser/rover_ws_ri/build/robot_start -- -j6 -l6
[0.070s] Invoked command in '/home/vboxuser/rover_ws_ri/build/robot_start' returned '0': AMENT_PREFIX_PATH=/home/vboxuser/rover_ws_ri/install/my_robot_ctrl:${AMENT_PREFIX_PATH} CMAKE_PREFIX_PATH=/opt/ros/humble PYTHONPATH=/home/vboxuser/rover_ws_ri/install/my_robot_ctrl/lib/python3.10/site-packages:${PYTHONPATH} /usr/bin/cmake --build /home/vboxuser/rover_ws_ri/build/robot_start -- -j6 -l6
[0.105s] Invoking command in '/home/vboxuser/rover_ws_ri/build/robot_start': AMENT_PREFIX_PATH=/home/vboxuser/rover_ws_ri/install/my_robot_ctrl:${AMENT_PREFIX_PATH} CMAKE_PREFIX_PATH=/opt/ros/humble PYTHONPATH=/home/vboxuser/rover_ws_ri/install/my_robot_ctrl/lib/python3.10/site-packages:${PYTHONPATH} /usr/bin/cmake --install /home/vboxuser/rover_ws_ri/build/robot_start
[0.115s] -- Install configuration: ""
[0.115s] -- Up-to-date: /home/vboxuser/rover_ws_ri/install/robot_start/share/robot_start/launch
[0.115s] -- Up-to-date: /home/vboxuser/rover_ws_ri/install/robot_start/share/robot_start/launch/demo.launch.py
[0.115s] -- Up-to-date: /home/vboxuser/rover_ws_ri/install/robot_start/share/robot_start/launch/rover_start.launch.py
[0.118s] -- Up-to-date: /home/vboxuser/rover_ws_ri/install/robot_start/share/ament_index/resource_index/package_run_dependencies/robot_start
[0.118s] -- Up-to-date: /home/vboxuser/rover_ws_ri/install/robot_start/share/ament_index/resource_index/parent_prefix_path/robot_start
[0.119s] -- Up-to-date: /home/vboxuser/rover_ws_ri/install/robot_start/share/robot_start/environment/ament_prefix_path.sh
[0.120s] -- Up-to-date: /home/vboxuser/rover_ws_ri/install/robot_start/share/robot_start/environment/ament_prefix_path.dsv
[0.121s] -- Up-to-date: /home/vboxuser/rover_ws_ri/install/robot_start/share/robot_start/environment/path.sh
[0.121s] -- Up-to-date: /home/vboxuser/rover_ws_ri/install/robot_start/share/robot_start/environment/path.dsv
[0.121s] -- Up-to-date: /home/vboxuser/rover_ws_ri/install/robot_start/share/robot_start/local_setup.bash
[0.122s] -- Up-to-date: /home/vboxuser/rover_ws_ri/install/robot_start/share/robot_start/local_setup.sh
[0.122s] -- Up-to-date: /home/vboxuser/rover_ws_ri/install/robot_start/share/robot_start/local_setup.zsh
[0.122s] -- Up-to-date: /home/vboxuser/rover_ws_ri/install/robot_start/share/robot_start/local_setup.dsv
[0.123s] -- Installing: /home/vboxuser/rover_ws_ri/install/robot_start/share/robot_start/package.dsv
[0.123s] -- Up-to-date: /home/vboxuser/rover_ws_ri/install/robot_start/share/ament_index/resource_index/packages/robot_start
[0.123s] -- Up-to-date: /home/vboxuser/rover_ws_ri/install/robot_start/share/robot_start/cmake/robot_startConfig.cmake
[0.123s] -- Up-to-date: /home/vboxuser/rover_ws_ri/install/robot_start/share/robot_start/cmake/robot_startConfig-version.cmake
[0.128s] -- Up-to-date: /home/vboxuser/rover_ws_ri/install/robot_start/share/robot_start/package.xml
[0.128s] Invoked command in '/home/vboxuser/rover_ws_ri/build/robot_start' returned '0': AMENT_PREFIX_PATH=/home/vboxuser/rover_ws_ri/install/my_robot_ctrl:${AMENT_PREFIX_PATH} CMAKE_PREFIX_PATH=/opt/ros/humble PYTHONPATH=/home/vboxuser/rover_ws_ri/install/my_robot_ctrl/lib/python3.10/site-packages:${PYTHONPATH} /usr/bin/cmake --install /home/vboxuser/rover_ws_ri/build/robot_start
